DEBUG pool-1-thread-2 com.axway.common.core.xml.BasicXmlDataBinder - Query Attributes to object 'object'='AttributeNameVal''tag'='TrkAttr'
DEBUG pool-1-thread-2 com.axway.common.core.xml.BasicXmlDataBinder - Set Attribute ''name'='FILETIMECHANGED'
DEBUG pool-1-thread-2 com.axway.common.core.xml.BasicXmlDataBinder - Set Attribute ''val'='14:41:20'
DEBUG pool-1-thread-2 com.axway.common.core.xml.BasicXmlDataBinder - Object doesnot implement XmlTagEmptyElementsWritable --> add empty text node: 'tagName'='TrkAttr''tag'='class com.axway.trkapiua.format.AttributeNameVal'
DEBUG pool-1-thread-2 com.axway.common.core.xml.BasicXmlDataBinder - Create Sub Element and enter in object'object[0]'='AttributeNameVal''subTagName'='com.axway.trkapiua.format.AttributeNameVal@6e47d0f9'
DEBUG pool-1-thread-2 com.axway.common.core.xml.BasicXmlDataBinder - Query Attributes to object 'object'='AttributeNameVal''tag'='TrkAttr'
DEBUG pool-1-thread-2 com.axway.common.core.xml.BasicXmlDataBinder - Set Attribute ''name'='EVENTDATE'
DEBUG pool-1-thread-2 com.axway.common.core.xml.BasicXmlDataBinder - Set Attribute ''val'='2016-08-29'
DEBUG pool-1-thread-2 com.axway.common.core.xml.BasicXmlDataBinder - Object doesnot implement XmlTagEmptyElementsWritable --> add empty text node: 'tagName'='TrkAttr''tag'='class com.axway.trkapiua.format.AttributeNameVal'
DEBUG pool-1-thread-2 com.axway.common.core.xml.BasicXmlDataBinder - Create Sub Element and enter in object'object[0]'='AttributeNameVal''subTagName'='com.axway.trkapiua.format.AttributeNameVal@641ce6e8'
DEBUG pool-1-thread-2 com.axway.common.core.xml.BasicXmlDataBinder - Query Attributes to object 'object'='AttributeNameVal''tag'='TrkAttr'
DEBUG pool-1-thread-2 com.axway.common.core.xml.BasicXmlDataBinder - Set Attribute ''name'='FILEPATH'
DEBUG pool-1-thread-2 com.axway.common.core.xml.BasicXmlDataBinder - Set Attribute ''val'='C:\Tomcat9\TomcatA\logs\'
DEBUG pool-1-thread-2 com.axway.common.core.xml.BasicXmlDataBinder - Object doesnot implement XmlTagEmptyElementsWritable --> add empty text node: 'tagName'='TrkAttr''tag'='class com.axway.trkapiua.format.AttributeNameVal'
DEBUG pool-1-thread-2 com.axway.common.core.xml.BasicXmlDataBinder - Create Sub Element and enter in object'object[0]'='AttributeNameVal''subTagName'='com.axway.trkapiua.format.AttributeNameVal@8ab1d5'
DEBUG pool-1-thread-2 com.axway.common.core.xml.BasicXmlDataBinder - Query Attributes to object 'object'='AttributeNameVal''tag'='TrkAttr'
DEBUG pool-1-thread-2 com.axway.common.core.xml.BasicXmlDataBinder - Set Attribute ''name'='AGENTIPADDR'
DEBUG pool-1-thread-2 com.axway.common.core.xml.BasicXmlDataBinder - Set Attribute ''val'='xsntldeslnx64'
DEBUG pool-1-thread-2 com.axway.common.core.xml.BasicXmlDataBinder - Object doesnot implement XmlTagEmptyElementsWritable --> add empty text node: 'tagName'='TrkAttr''tag'='class com.axway.trkapiua.format.AttributeNameVal'
DEBUG pool-1-thread-2 com.axway.common.core.xml.BasicXmlDataBinder - Create Sub Element and enter in object'object[0]'='AttributeNameVal''subTagName'='com.axway.trkapiua.format.AttributeNameVal@63b09dfe'
DEBUG pool-1-thread-2 com.axway.common.core.xml.BasicXmlDataBinder - Query Attributes to object 'object'='AttributeNameVal''tag'='TrkAttr'
DEBUG pool-1-thread-2 com.axway.common.core.xml.BasicXmlDataBinder - Set Attribute ''name'='FILENAME'
DEBUG pool-1-thread-2 com.axway.common.core.xml.BasicXmlDataBinder - Set Attribute ''val'='manager.2016-03-01.log'
DEBUG pool-1-thread-2 com.axway.common.core.xml.BasicXmlDataBinder - Object doesnot implement XmlTagEmptyElementsWritable --> add empty text node: 'tagName'='TrkAttr''tag'='class com.axway.trkapiua.format.AttributeNameVal'
DEBUG pool-1-thread-2 com.axway.common.core.xml.BasicXmlDataBinder - Create Sub Element and enter in object'object[0]'='AttributeNameVal''subTagName'='com.axway.trkapiua.format.AttributeNameVal@33a05969'
DEBUG pool-1-thread-2 com.axway.common.core.xml.BasicXmlDataBinder - Query Attributes to object 'object'='AttributeNameVal''tag'='TrkAttr'
DEBUG pool-1-thread-2 com.axway.common.core.xml.BasicXmlDataBinder - Set Attribute ''name'='PRODUCTIPADDR'
DEBUG pool-1-thread-2 com.axway.common.core.xml.BasicXmlDataBinder - Set Attribute ''val'='xsntldeslnx64'
DEBUG pool-1-thread-2 com.axway.common.core.xml.BasicXmlDataBinder - Object doesnot implement XmlTagEmptyElementsWritable --> add empty text node: 'tagName'='TrkAttr''tag'='class com.axway.trkapiua.format.AttributeNameVal'
DEBUG pool-1-thread-2 com.axway.common.core.xml.BasicXmlDataBinder - Add a root Node'new Element'='TrkDescriptor'
DEBUG pool-1-thread-2 com.axway.common.circularbuffer.CircularObjectBuffer - spaceLeft = 10485760 message length = 935
DEBUG pool-1-thread-2 com.axway.common.circularbuffer.CircularObjectBuffer - ++++++ write w=935 r=0 nMgs=1 max=935 : 000000925:<?xml version="1.0" encoding="UTF-8"?><TrkDescriptor><TrkXML VERSION="1.0"/><TrkObject><TrkIdentifier TYPE="Event" NAME="FILEWATCHES" VERSION="1.0"/><TrkAttr name="EVENTTIME" val="14:41:20"/><TrkAttr name="APPLICATION" val="TRKAPIUA"/><TrkAttr name="PRODUCTNAME" val="TRKAPI_JAVA"/><TrkAttr name="GMTDIFF" val="-300"/><TrkAttr name="INTERNALSTATE" val="1001"/><TrkAttr name="FILEDATECHANGED" val="2016-08-29"/><TrkAttr name="HOSTNAME" val="Octavio-PC"/><TrkAttr name="PRODUCTOS" val="Windows 10"/><TrkAttr name="CYCLEID" val="OSFIxsntldeslnx64C:\Tomcat9\TomcatA\logs\manager.2016-03-01.log"/><TrkAttr name="FILETIMECHANGED" val="14:41:20"/><TrkAttr name="EVENTDATE" val="2016-08-29"/><TrkAttr name="FILEPATH" val="C:\Tomcat9\TomcatA\logs\"/><TrkAttr name="AGENTIPADDR" val="xsntldeslnx64"/><TrkAttr name="FILENAME" val="manager.2016-03-01.log"/><TrkAttr name="PRODUCTIPADDR" val="xsntldeslnx64"/></TrkObject></TrkDescriptor>

DEBUG Thread-16 com.axway.common.core.security.factory.SentinelClientSocketFactory - Factory created with target server hostname : null
DEBUG Thread-16 com.axway.common.core.security.factory.SentinelClientSocketFactory - Opening a socket connection to 172.16.0.80:1305
DEBUG Thread-16 com.axway.common.circularbuffer.sender.QltSender - Connected to xsntldeslnx64@1305
DEBUG Thread-16 com.axway.common.circularbuffer.sender.QltSender - send
DEBUG Thread-16 com.axway.common.circularbuffer.sender.QltSender - Message sent: >>><?xml version="1.0" encoding="UTF-8"?><TrkDescriptor><TrkXML VERSION="1.0"/><TrkObject><TrkIdentifier TYPE="Event" NAME="FILEWATCHES" VERSION="1.0"/><TrkAttr name="EVENTTIME" val="14:41:20"/><TrkAttr name="APPLICATION" val="TRKAPIUA"/><TrkAttr name="PRODUCTNAME" val="TRKAPI_JAVA"/><TrkAttr name="GMTDIFF" val="-300"/><TrkAttr name="INTERNALSTATE" val="1001"/><TrkAttr name="FILEDATECHANGED" val="2016-08-29"/><TrkAttr name="HOSTNAME" val="Octavio-PC"/><TrkAttr name="PRODUCTOS" val="Windows 10"/><TrkAttr name="CYCLEID" val="OSFIxsntldeslnx64C:\Tomcat9\TomcatA\logs\manager.2016-03-01.log"/><TrkAttr name="FILETIMECHANGED" val="14:41:20"/><TrkAttr name="EVENTDATE" val="2016-08-29"/><TrkAttr name="FILEPATH" val="C:\Tomcat9\TomcatA\logs\"/><TrkAttr name="AGENTIPADDR" val="xsntldeslnx64"/><TrkAttr name="FILENAME" val="manager.2016-03-01.log"/><TrkAttr name="PRODUCTIPADDR" val="xsntldeslnx64"/></TrkObject></TrkDescriptor>
<<<
DEBUG Thread-16 com.axway.common.circularbuffer.CircularObjectBuffer - ------ commitRead w=935 r=935 nMgs=0 max=935 000000925:<?xml version="1.0" encoding="UTF-8"?><TrkDescriptor><TrkXML VERSION="1.0"/><TrkObject><TrkIdentifier TYPE="Event" NAME="FILEWATCHES" VERSION="1.0"/><TrkAttr name="EVENTTIME" val="14:41:20"/><TrkAttr name="APPLICATION" val="TRKAPIUA"/><TrkAttr name="PRODUCTNAME" val="TRKAPI_JAVA"/><TrkAttr name="GMTDIFF" val="-300"/><TrkAttr name="INTERNALSTATE" val="1001"/><TrkAttr name="FILEDATECHANGED" val="2016-08-29"/><TrkAttr name="HOSTNAME" val="Octavio-PC"/><TrkAttr name="PRODUCTOS" val="Windows 10"/><TrkAttr name="CYCLEID" val="OSFIxsntldeslnx64C:\Tomcat9\TomcatA\logs\manager.2016-03-01.log"/><TrkAttr name="FILETIMECHANGED" val="14:41:20"/><TrkAttr name="EVENTDATE" val="2016-08-29"/><TrkAttr name="FILEPATH" val="C:\Tomcat9\TomcatA\logs\"/><TrkAttr name="AGENTIPADDR" val="xsntldeslnx64"/><TrkAttr name="FILENAME" val="manager.2016-03-01.log"/><TrkAttr name="PRODUCTIPADDR" val="xsntldeslnx64"/></TrkObject></TrkDescriptor>

DEBUG pool-1-thread-2 com.axway.common.circularbuffer.sender.QltSender - close
DEBUG pool-1-thread-2 com.axway.common.circularbuffer.CircularObjectBufferFile - File doesn't exists, create it !
DEBUG pool-1-thread-2 com.axway.common.core.xml.XmlDataBinder - Create a new instance: rootTag=nullObject=null
DEBUG pool-1-thread-2 com.axway.common.core.util.xml.XmlUtil - Class not found: com.axway.sentinel.share.schema.Schemas, Fail to load SchemaManager using Class Name
DEBUG pool-1-thread-2 com.axway.common.core.util.xml.XmlUtil - The default schema manager is not available. Please set a schema manager.
DEBUG pool-1-thread-2 com.axway.common.core.xml.BasicXmlDataBinder - Clear (0) Elements before add new 'TagName'='TrkDescriptor'
DEBUG pool-1-thread-2 com.axway.common.core.xml.BasicXmlDataBinder - Query Attributes to object 'object'='XmlMessage''tag'='TrkDescriptor'
DEBUG pool-1-thread-2 com.axway.common.core.xml.BasicXmlDataBinder - No Attribute for 'object'='XmlMessage''tag'='TrkDescriptor'
DEBUG pool-1-thread-2 com.axway.common.core.xml.BasicXmlDataBinder - Add sub Elements for: 'tagName'='TrkDescriptor''Object'='XmlMessage'
DEBUG pool-1-thread-2 com.axway.common.core.xml.BasicXmlDataBinder - Query sub Element Name to 'object[0]'='XmlMessage''subTagName'='TrkXML'
DEBUG pool-1-thread-2 com.axway.common.core.xml.BasicXmlDataBinder - Create Sub Element and enter in object'object[0]'='XmlMessage''subTagName'='com.axway.trkapiua.format.XmlMessage@3088d253'
DEBUG pool-1-thread-2 com.axway.common.core.xml.BasicXmlDataBinder - Query Attributes to object 'object'='XmlMessage''tag'='TrkXML'
DEBUG pool-1-thread-2 com.axway.common.core.xml.BasicXmlDataBinder - Set Attribute ''VERSION'='1.0'
DEBUG pool-1-thread-2 com.axway.common.core.xml.BasicXmlDataBinder - Object have no sub Element: 'tagName'='TrkXML''Object'='XmlMessage'
DEBUG pool-1-thread-2 com.axway.common.core.xml.BasicXmlDataBinder - Query sub Element Name to 'object[0]'='XmlMessage''subTagName'='TrkObject'
DEBUG pool-1-thread-2 com.axway.common.core.xml.BasicXmlDataBinder - Create Sub Element and enter in object'object[0]'='XmlMessage''subTagName'='com.axway.trkapiua.format.XmlMessage@3088d253'
DEBUG pool-1-thread-2 com.axway.common.core.xml.BasicXmlDataBinder - Query Attributes to object 'object'='XmlMessage''tag'='TrkObject'
DEBUG pool-1-thread-2 com.axway.common.core.xml.BasicXmlDataBinder - No Attribute for 'object'='XmlMessage''tag'='TrkObject'
DEBUG pool-1-thread-2 com.axway.common.core.xml.BasicXmlDataBinder - Add sub Elements for: 'tagName'='TrkObject''Object'='XmlMessage'
DEBUG pool-1-thread-2 com.axway.common.core.xml.BasicXmlDataBinder - Query sub Element Name to 'object[0]'='XmlMessage''subTagName'='TrkIdentifier'
DEBUG pool-1-thread-2 com.axway.common.core.xml.BasicXmlDataBinder - Create Sub Element and enter in object'object[0]'='XmlMessage''subTagName'='com.axway.trkapiua.format.XmlMessage@3088d253'
DEBUG pool-1-thread-2 com.axway.common.core.xml.BasicXmlDataBinder - Query Attributes to object 'object'='XmlMessage''tag'='TrkIdentifier'
DEBUG pool-1-thread-2 com.axway.common.core.xml.BasicXmlDataBinder - Set Attribute ''TYPE'='Event'
DEBUG pool-1-thread-2 com.axway.common.core.xml.BasicXmlDataBinder - Set Attribute ''NAME'='FILEWATCHES'
DEBUG pool-1-thread-2 com.axway.common.core.xml.BasicXmlDataBinder - Set Attribute ''VERSION'='1.0'
DEBUG pool-1-thread-2 com.axway.common.core.xml.BasicXmlDataBinder - Object have no sub Element: 'tagName'='TrkIdentifier''Object'='XmlMessage'
DEBUG pool-1-thread-2 com.axway.common.core.xml.BasicXmlDataBinder - Create Sub Element and enter in object'object[0]'='AttributeNameVal''subTagName'='com.axway.trkapiua.format.AttributeNameVal@6559c98e'
DEBUG pool-1-thread-2 com.axway.common.core.xml.BasicXmlDataBinder - Query Attributes to object 'object'='AttributeNameVal''tag'='TrkAttr'
DEBUG pool-1-thread-2 com.axway.common.core.xml.BasicXmlDataBinder - Set Attribute ''name'='EVENTTIME'
DEBUG pool-1-thread-2 com.axway.common.core.xml.BasicXmlDataBinder - Set Attribute ''val'='14:41:26'
DEBUG pool-1-thread-2 com.axway.common.core.xml.BasicXmlDataBinder - Object doesnot implement XmlTagEmptyElementsWritable --> add empty text node: 'tagName'='TrkAttr''tag'='class com.axway.trkapiua.format.AttributeNameVal'
DEBUG pool-1-thread-2 com.axway.common.core.xml.BasicXmlDataBinder - Create Sub Element and enter in object'object[0]'='AttributeNameVal''subTagName'='com.axway.trkapiua.format.AttributeNameVal@261e7b6'
DEBUG pool-1-thread-2 com.axway.common.core.xml.BasicXmlDataBinder - Query Attributes to object 'object'='AttributeNameVal''tag'='TrkAttr'
DEBUG pool-1-thread-2 com.axway.common.core.xml.BasicXmlDataBinder - Set Attribute ''name'='APPLICATION'
DEBUG pool-1-thread-2 com.axway.common.core.xml.BasicXmlDataBinder - Set Attribute ''val'='TRKAPIUA'
DEBUG pool-1-thread-2 com.axway.common.core.xml.BasicXmlDataBinder - Object doesnot implement XmlTagEmptyElementsWritable --> add empty text node: 'tagName'='TrkAttr''tag'='class com.axway.trkapiua.format.AttributeNameVal'
DEBUG pool-1-thread-2 com.axway.common.core.xml.BasicXmlDataBinder - Create Sub Element and enter in object'object[0]'='AttributeNameVal''subTagName'='com.axway.trkapiua.format.AttributeNameVal@333b8d82'
DEBUG pool-1-thread-2 com.axway.common.core.xml.BasicXmlDataBinder - Query Attributes to object 'object'='AttributeNameVal''tag'='TrkAttr'
DEBUG pool-1-thread-2 com.axway.common.core.xml.BasicXmlDataBinder - Set Attribute ''name'='PRODUCTNAME'
DEBUG pool-1-thread-2 com.axway.common.core.xml.BasicXmlDataBinder - Set Attribute ''val'='TRKAPI_JAVA'
DEBUG pool-1-thread-2 com.axway.common.core.xml.BasicXmlDataBinder - Object doesnot implement XmlTagEmptyElementsWritable --> add empty text node: 'tagName'='TrkAttr''tag'='class com.axway.trkapiua.format.AttributeNameVal'
DEBUG pool-1-thread-2 com.axway.common.core.xml.BasicXmlDataBinder - Create Sub Element and enter in object'object[0]'='AttributeNameVal''subTagName'='com.axway.trkapiua.format.AttributeNameVal@4557cbfc'
DEBUG pool-1-thread-2 com.axway.common.core.xml.BasicXmlDataBinder - Query Attributes to object 'object'='AttributeNameVal''tag'='TrkAttr'
DEBUG pool-1-thread-2 com.axway.common.core.xml.BasicXmlDataBinder - Set Attribute ''name'='GMTDIFF'
DEBUG pool-1-thread-2 com.axway.common.core.xml.BasicXmlDataBinder - Set Attribute ''val'='-300'
DEBUG pool-1-thread-2 com.axway.common.core.xml.BasicXmlDataBinder - Object doesnot implement XmlTagEmptyElementsWritable --> add empty text node: 'tagName'='TrkAttr''tag'='class com.axway.trkapiua.format.AttributeNameVal'
DEBUG pool-1-thread-2 com.axway.common.core.xml.BasicXmlDataBinder - Create Sub Element and enter in object'object[0]'='AttributeNameVal''subTagName'='com.axway.trkapiua.format.AttributeNameVal@6e697f61'
DEBUG pool-1-thread-2 com.axway.common.core.xml.BasicXmlDataBinder - Query Attributes to object 'object'='AttributeNameVal''tag'='TrkAttr'
DEBUG pool-1-thread-2 com.axway.common.core.xml.BasicXmlDataBinder - Set Attribute ''name'='INTERNALSTATE'
DEBUG pool-1-thread-2 com.axway.common.core.xml.BasicXmlDataBinder - Set Attribute ''val'='1001'
DEBUG pool-1-thread-2 com.axway.common.core.xml.BasicXmlDataBinder - Object doesnot implement XmlTagEmptyElementsWritable --> add empty text node: 'tagName'='TrkAttr''tag'='class com.axway.trkapiua.format.AttributeNameVal'
DEBUG pool-1-thread-2 com.axway.common.core.xml.BasicXmlDataBinder - Create Sub Element and enter in object'object[0]'='AttributeNameVal''subTagName'='com.axway.trkapiua.format.AttributeNameVal@63b8694d'
DEBUG pool-1-thread-2 com.axway.common.core.xml.BasicXmlDataBinder - Query Attributes to object 'object'='AttributeNameVal''tag'='TrkAttr'
DEBUG pool-1-thread-2 com.axway.common.core.xml.BasicXmlDataBinder - Set Attribute ''name'='FILEDATECHANGED'
DEBUG pool-1-thread-2 com.axway.common.core.xml.BasicXmlDataBinder - Set Attribute ''val'='2016-08-29'
DEBUG pool-1-thread-2 com.axway.common.core.xml.BasicXmlDataBinder - Object doesnot implement XmlTagEmptyElementsWritable --> add empty text node: 'tagName'='TrkAttr''tag'='class com.axway.trkapiua.format.AttributeNameVal'
DEBUG pool-1-thread-2 com.axway.common.core.xml.BasicXmlDataBinder - Create Sub Element and enter in object'object[0]'='AttributeNameVal''subTagName'='com.axway.trkapiua.format.AttributeNameVal@c80af25'
DEBUG pool-1-thread-2 com.axway.common.core.xml.BasicXmlDataBinder - Query Attributes to object 'object'='AttributeNameVal''tag'='TrkAttr'
DEBUG pool-1-thread-2 com.axway.common.core.xml.BasicXmlDataBinder - Set Attribute ''name'='HOSTNAME'
DEBUG pool-1-thread-2 com.axway.common.core.xml.BasicXmlDataBinder - Set Attribute ''val'='Octavio-PC'
DEBUG pool-1-thread-2 com.axway.common.core.xml.BasicXmlDataBinder - Object doesnot implement XmlTagEmptyElementsWritable --> add empty text node: 'tagName'='TrkAttr''tag'='class com.axway.trkapiua.format.AttributeNameVal'
DEBUG pool-1-thread-2 com.axway.common.core.xml.BasicXmlDataBinder - Create Sub Element and enter in object'object[0]'='AttributeNameVal''subTagName'='com.axway.trkapiua.format.AttributeNameVal@77f38d62'
DEBUG pool-1-thread-2 com.axway.common.core.xml.BasicXmlDataBinder - Query Attributes to object 'object'='AttributeNameVal''tag'='TrkAttr'
DEBUG pool-1-thread-2 com.axway.common.core.xml.BasicXmlDataBinder - Set Attribute ''name'='PRODUCTOS'
DEBUG pool-1-thread-2 com.axway.common.core.xml.BasicXmlDataBinder - Set Attribute ''val'='Windows 10'
DEBUG pool-1-thread-2 com.axway.common.core.xml.BasicXmlDataBinder - Object doesnot implement XmlTagEmptyElementsWritable --> add empty text node: 'tagName'='TrkAttr''tag'='class com.axway.trkapiua.format.AttributeNameVal'
DEBUG pool-1-thread-2 com.axway.common.core.xml.BasicXmlDataBinder - Create Sub Element and enter in object'object[0]'='AttributeNameVal''subTagName'='com.axway.trkapiua.format.AttributeNameVal@52c4668a'
DEBUG pool-1-thread-2 com.axway.common.core.xml.BasicXmlDataBinder - Query Attributes to object 'object'='AttributeNameVal''tag'='TrkAttr'
DEBUG pool-1-thread-2 com.axway.common.core.xml.BasicXmlDataBinder - Set Attribute ''name'='CYCLEID'
DEBUG pool-1-thread-2 com.axway.common.core.xml.BasicXmlDataBinder - Set Attribute ''val'='OSFIxsntldeslnx64C:\Tomcat9\TomcatA\logs\apodweb.log'
DEBUG pool-1-thread-2 com.axway.common.core.xml.BasicXmlDataBinder - Object doesnot implement XmlTagEmptyElementsWritable --> add empty text node: 'tagName'='TrkAttr''tag'='class com.axway.trkapiua.format.AttributeNameVal'
DEBUG pool-1-thread-2 com.axway.common.core.xml.BasicXmlDataBinder - Create Sub Element and enter in object'object[0]'='AttributeNameVal''subTagName'='com.axway.trkapiua.format.AttributeNameVal@72968f9e'
DEBUG pool-1-thread-2 com.axway.common.core.xml.BasicXmlDataBinder - Query Attributes to object 'object'='AttributeNameVal''tag'='TrkAttr'
DEBUG pool-1-thread-2 com.axway.common.core.xml.BasicXmlDataBinder - Set Attribute ''name'='FILETIMECHANGED'
DEBUG pool-1-thread-2 com.axway.common.core.xml.BasicXmlDataBinder - Set Attribute ''val'='14:41:26'
DEBUG pool-1-thread-2 com.axway.common.core.xml.BasicXmlDataBinder - Object doesnot implement XmlTagEmptyElementsWritable --> add empty text node: 'tagName'='TrkAttr''tag'='class com.axway.trkapiua.format.AttributeNameVal'
DEBUG pool-1-thread-2 com.axway.common.core.xml.BasicXmlDataBinder - Create Sub Element and enter in object'object[0]'='AttributeNameVal''subTagName'='com.axway.trkapiua.format.AttributeNameVal@7b66ff6e'
DEBUG pool-1-thread-2 com.axway.common.core.xml.BasicXmlDataBinder - Query Attributes to object 'object'='AttributeNameVal''tag'='TrkAttr'
DEBUG pool-1-thread-2 com.axway.common.core.xml.BasicXmlDataBinder - Set Attribute ''name'='EVENTDATE'
DEBUG pool-1-thread-2 com.axway.common.core.xml.BasicXmlDataBinder - Set Attribute ''val'='2016-08-29'
DEBUG pool-1-thread-2 com.axway.common.core.xml.BasicXmlDataBinder - Object doesnot implement XmlTagEmptyElementsWritable --> add empty text node: 'tagName'='TrkAttr''tag'='class com.axway.trkapiua.format.AttributeNameVal'
DEBUG pool-1-thread-2 com.axway.common.core.xml.BasicXmlDataBinder - Create Sub Element and enter in object'object[0]'='AttributeNameVal''subTagName'='com.axway.trkapiua.format.AttributeNameVal@1015f5fd'
DEBUG pool-1-thread-2 com.axway.common.core.xml.BasicXmlDataBinder - Query Attributes to object 'object'='AttributeNameVal''tag'='TrkAttr'
DEBUG pool-1-thread-2 com.axway.common.core.xml.BasicXmlDataBinder - Set Attribute ''name'='FILEPATH'
DEBUG pool-1-thread-2 com.axway.common.core.xml.BasicXmlDataBinder - Set Attribute ''val'='C:\Tomcat9\TomcatA\logs\'
DEBUG pool-1-thread-2 com.axway.common.core.xml.BasicXmlDataBinder - Object doesnot implement XmlTagEmptyElementsWritable --> add empty text node: 'tagName'='TrkAttr''tag'='class com.axway.trkapiua.format.AttributeNameVal'
DEBUG pool-1-thread-2 com.axway.common.core.xml.BasicXmlDataBinder - Create Sub Element and enter in object'object[0]'='AttributeNameVal''subTagName'='com.axway.trkapiua.format.AttributeNameVal@61142143'
DEBUG pool-1-thread-2 com.axway.common.core.xml.BasicXmlDataBinder - Query Attributes to object 'object'='AttributeNameVal''tag'='TrkAttr'
DEBUG pool-1-thread-2 com.axway.common.core.xml.BasicXmlDataBinder - Set Attribute ''name'='AGENTIPADDR'
DEBUG pool-1-thread-2 com.axway.common.core.xml.BasicXmlDataBinder - Set Attribute ''val'='xsntldeslnx64'
DEBUG pool-1-thread-2 com.axway.common.core.xml.BasicXmlDataBinder - Object doesnot implement XmlTagEmptyElementsWritable --> add empty text node: 'tagName'='TrkAttr''tag'='class com.axway.trkapiua.format.AttributeNameVal'
DEBUG pool-1-thread-2 com.axway.common.core.xml.BasicXmlDataBinder - Create Sub Element and enter in object'object[0]'='AttributeNameVal''subTagName'='com.axway.trkapiua.format.AttributeNameVal@2738b880'
DEBUG pool-1-thread-2 com.axway.common.core.xml.BasicXmlDataBinder - Query Attributes to object 'object'='AttributeNameVal''tag'='TrkAttr'
DEBUG pool-1-thread-2 com.axway.common.core.xml.BasicXmlDataBinder - Set Attribute ''name'='FILENAME'
DEBUG pool-1-thread-2 com.axway.common.core.xml.BasicXmlDataBinder - Set Attribute ''val'='apodweb.log'
DEBUG pool-1-thread-2 com.axway.common.core.xml.BasicXmlDataBinder - Object doesnot implement XmlTagEmptyElementsWritable --> add empty text node: 'tagName'='TrkAttr''tag'='class com.axway.trkapiua.format.AttributeNameVal'
DEBUG pool-1-thread-2 com.axway.common.core.xml.BasicXmlDataBinder - Create Sub Element and enter in object'object[0]'='AttributeNameVal''subTagName'='com.axway.trkapiua.format.AttributeNameVal@6be9be86'
DEBUG pool-1-thread-2 com.axway.common.core.xml.BasicXmlDataBinder - Query Attributes to object 'object'='AttributeNameVal''tag'='TrkAttr'
DEBUG pool-1-thread-2 com.axway.common.core.xml.BasicXmlDataBinder - Set Attribute ''name'='PRODUCTIPADDR'
DEBUG pool-1-thread-2 com.axway.common.core.xml.BasicXmlDataBinder - Set Attribute ''val'='xsntldeslnx64'
DEBUG pool-1-thread-2 com.axway.common.core.xml.BasicXmlDataBinder - Object doesnot implement XmlTagEmptyElementsWritable --> add empty text node: 'tagName'='TrkAttr''tag'='class com.axway.trkapiua.format.AttributeNameVal'
DEBUG pool-1-thread-2 com.axway.common.core.xml.BasicXmlDataBinder - Add a root Node'new Element'='TrkDescriptor'
DEBUG pool-1-thread-2 com.axway.common.circularbuffer.CircularObjectBuffer - spaceLeft = 10485760 message length = 913
DEBUG pool-1-thread-2 com.axway.common.circularbuffer.CircularObjectBuffer - ++++++ write w=913 r=0 nMgs=1 max=913 : 000000903:<?xml version="1.0" encoding="UTF-8"?><TrkDescriptor><TrkXML VERSION="1.0"/><TrkObject><TrkIdentifier TYPE="Event" NAME="FILEWATCHES" VERSION="1.0"/><TrkAttr name="EVENTTIME" val="14:41:26"/><TrkAttr name="APPLICATION" val="TRKAPIUA"/><TrkAttr name="PRODUCTNAME" val="TRKAPI_JAVA"/><TrkAttr name="GMTDIFF" val="-300"/><TrkAttr name="INTERNALSTATE" val="1001"/><TrkAttr name="FILEDATECHANGED" val="2016-08-29"/><TrkAttr name="HOSTNAME" val="Octavio-PC"/><TrkAttr name="PRODUCTOS" val="Windows 10"/><TrkAttr name="CYCLEID" val="OSFIxsntldeslnx64C:\Tomcat9\TomcatA\logs\apodweb.log"/><TrkAttr name="FILETIMECHANGED" val="14:41:26"/><TrkAttr name="EVENTDATE" val="2016-08-29"/><TrkAttr name="FILEPATH" val="C:\Tomcat9\TomcatA\logs\"/><TrkAttr name="AGENTIPADDR" val="xsntldeslnx64"/><TrkAttr name="FILENAME" val="apodweb.log"/><TrkAttr name="PRODUCTIPADDR" val="xsntldeslnx64"/></TrkObject></TrkDescriptor>

DEBUG Thread-17 com.axway.common.core.security.factory.SentinelClientSocketFactory - Factory created with target server hostname : null
DEBUG Thread-17 com.axway.common.core.security.factory.SentinelClientSocketFactory - Opening a socket connection to 172.16.0.80:1305
DEBUG Thread-17 com.axway.common.circularbuffer.sender.QltSender - Connected to xsntldeslnx64@1305
DEBUG Thread-17 com.axway.common.circularbuffer.sender.QltSender - send
DEBUG Thread-17 com.axway.common.circularbuffer.sender.QltSender - Message sent: >>><?xml version="1.0" encoding="UTF-8"?><TrkDescriptor><TrkXML VERSION="1.0"/><TrkObject><TrkIdentifier TYPE="Event" NAME="FILEWATCHES" VERSION="1.0"/><TrkAttr name="EVENTTIME" val="14:41:26"/><TrkAttr name="APPLICATION" val="TRKAPIUA"/><TrkAttr name="PRODUCTNAME" val="TRKAPI_JAVA"/><TrkAttr name="GMTDIFF" val="-300"/><TrkAttr name="INTERNALSTATE" val="1001"/><TrkAttr name="FILEDATECHANGED" val="2016-08-29"/><TrkAttr name="HOSTNAME" val="Octavio-PC"/><TrkAttr name="PRODUCTOS" val="Windows 10"/><TrkAttr name="CYCLEID" val="OSFIxsntldeslnx64C:\Tomcat9\TomcatA\logs\apodweb.log"/><TrkAttr name="FILETIMECHANGED" val="14:41:26"/><TrkAttr name="EVENTDATE" val="2016-08-29"/><TrkAttr name="FILEPATH" val="C:\Tomcat9\TomcatA\logs\"/><TrkAttr name="AGENTIPADDR" val="xsntldeslnx64"/><TrkAttr name="FILENAME" val="apodweb.log"/><TrkAttr name="PRODUCTIPADDR" val="xsntldeslnx64"/></TrkObject></TrkDescriptor>
<<<
DEBUG Thread-17 com.axway.common.circularbuffer.CircularObjectBuffer - ------ commitRead w=913 r=913 nMgs=0 max=913 000000903:<?xml version="1.0" encoding="UTF-8"?><TrkDescriptor><TrkXML VERSION="1.0"/><TrkObject><TrkIdentifier TYPE="Event" NAME="FILEWATCHES" VERSION="1.0"/><TrkAttr name="EVENTTIME" val="14:41:26"/><TrkAttr name="APPLICATION" val="TRKAPIUA"/><TrkAttr name="PRODUCTNAME" val="TRKAPI_JAVA"/><TrkAttr name="GMTDIFF" val="-300"/><TrkAttr name="INTERNALSTATE" val="1001"/><TrkAttr name="FILEDATECHANGED" val="2016-08-29"/><TrkAttr name="HOSTNAME" val="Octavio-PC"/><TrkAttr name="PRODUCTOS" val="Windows 10"/><TrkAttr name="CYCLEID" val="OSFIxsntldeslnx64C:\Tomcat9\TomcatA\logs\apodweb.log"/><TrkAttr name="FILETIMECHANGED" val="14:41:26"/><TrkAttr name="EVENTDATE" val="2016-08-29"/><TrkAttr name="FILEPATH" val="C:\Tomcat9\TomcatA\logs\"/><TrkAttr name="AGENTIPADDR" val="xsntldeslnx64"/><TrkAttr name="FILENAME" val="apodweb.log"/><TrkAttr name="PRODUCTIPADDR" val="xsntldeslnx64"/></TrkObject></TrkDescriptor>

DEBUG pool-1-thread-2 com.axway.common.circularbuffer.sender.QltSender - close
DEBUG pool-1-thread-2 com.axway.common.circularbuffer.CircularObjectBufferFile - File doesn't exists, create it !
DEBUG pool-1-thread-2 com.axway.common.core.xml.XmlDataBinder - Create a new instance: rootTag=nullObject=null
DEBUG pool-1-thread-2 com.axway.common.core.util.xml.XmlUtil - Class not found: com.axway.sentinel.share.schema.Schemas, Fail to load SchemaManager using Class Name
DEBUG pool-1-thread-2 com.axway.common.core.util.xml.XmlUtil - The default schema manager is not available. Please set a schema manager.
DEBUG pool-1-thread-2 com.axway.common.core.xml.BasicXmlDataBinder - Clear (0) Elements before add new 'TagName'='TrkDescriptor'
DEBUG pool-1-thread-2 com.axway.common.core.xml.BasicXmlDataBinder - Query Attributes to object 'object'='XmlMessage''tag'='TrkDescriptor'
DEBUG pool-1-thread-2 com.axway.common.core.xml.BasicXmlDataBinder - No Attribute for 'object'='XmlMessage''tag'='TrkDescriptor'
DEBUG pool-1-thread-2 com.axway.common.core.xml.BasicXmlDataBinder - Add sub Elements for: 'tagName'='TrkDescriptor''Object'='XmlMessage'
DEBUG pool-1-thread-2 com.axway.common.core.xml.BasicXmlDataBinder - Query sub Element Name to 'object[0]'='XmlMessage''subTagName'='TrkXML'
DEBUG pool-1-thread-2 com.axway.common.core.xml.BasicXmlDataBinder - Create Sub Element and enter in object'object[0]'='XmlMessage''subTagName'='com.axway.trkapiua.format.XmlMessage@546c041b'
DEBUG pool-1-thread-2 com.axway.common.core.xml.BasicXmlDataBinder - Query Attributes to object 'object'='XmlMessage''tag'='TrkXML'
DEBUG pool-1-thread-2 com.axway.common.core.xml.BasicXmlDataBinder - Set Attribute ''VERSION'='1.0'
DEBUG pool-1-thread-2 com.axway.common.core.xml.BasicXmlDataBinder - Object have no sub Element: 'tagName'='TrkXML''Object'='XmlMessage'
DEBUG pool-1-thread-2 com.axway.common.core.xml.BasicXmlDataBinder - Query sub Element Name to 'object[0]'='XmlMessage''subTagName'='TrkObject'
DEBUG pool-1-thread-2 com.axway.common.core.xml.BasicXmlDataBinder - Create Sub Element and enter in object'object[0]'='XmlMessage''subTagName'='com.axway.trkapiua.format.XmlMessage@546c041b'
DEBUG pool-1-thread-2 com.axway.common.core.xml.BasicXmlDataBinder - Query Attributes to object 'object'='XmlMessage''tag'='TrkObject'
DEBUG pool-1-thread-2 com.axway.common.core.xml.BasicXmlDataBinder - No Attribute for 'object'='XmlMessage''tag'='TrkObject'
DEBUG pool-1-thread-2 com.axway.common.core.xml.BasicXmlDataBinder - Add sub Elements for: 'tagName'='TrkObject''Object'='XmlMessage'
DEBUG pool-1-thread-2 com.axway.common.core.xml.BasicXmlDataBinder - Query sub Element Name to 'object[0]'='XmlMessage''subTagName'='TrkIdentifier'
DEBUG pool-1-thread-2 com.axway.common.core.xml.BasicXmlDataBinder - Create Sub Element and enter in object'object[0]'='XmlMessage''subTagName'='com.axway.trkapiua.format.XmlMessage@546c041b'
DEBUG pool-1-thread-2 com.axway.common.core.xml.BasicXmlDataBinder - Query Attributes to object 'object'='XmlMessage''tag'='TrkIdentifier'
DEBUG pool-1-thread-2 com.axway.common.core.xml.BasicXmlDataBinder - Set Attribute ''TYPE'='Event'
DEBUG pool-1-thread-2 com.axway.common.core.xml.BasicXmlDataBinder - Set Attribute ''NAME'='FILEWATCHES'
DEBUG pool-1-thread-2 com.axway.common.core.xml.BasicXmlDataBinder - Set Attribute ''VERSION'='1.0'
DEBUG pool-1-thread-2 com.axway.common.core.xml.BasicXmlDataBinder - Object have no sub Element: 'tagName'='TrkIdentifier''Object'='XmlMessage'
DEBUG pool-1-thread-2 com.axway.common.core.xml.BasicXmlDataBinder - Create Sub Element and enter in object'object[0]'='AttributeNameVal''subTagName'='com.axway.trkapiua.format.AttributeNameVal@14b239ec'
DEBUG pool-1-thread-2 com.axway.common.core.xml.BasicXmlDataBinder - Query Attributes to object 'object'='AttributeNameVal''tag'='TrkAttr'
DEBUG pool-1-thread-2 com.axway.common.core.xml.BasicXmlDataBinder - Set Attribute ''name'='EVENTTIME'
DEBUG pool-1-thread-2 com.axway.common.core.xml.BasicXmlDataBinder - Set Attribute ''val'='14:41:33'
DEBUG pool-1-thread-2 com.axway.common.core.xml.BasicXmlDataBinder - Object doesnot implement XmlTagEmptyElementsWritable --> add empty text node: 'tagName'='TrkAttr''tag'='class com.axway.trkapiua.format.AttributeNameVal'
DEBUG pool-1-thread-2 com.axway.common.core.xml.BasicXmlDataBinder - Create Sub Element and enter in object'object[0]'='AttributeNameVal''subTagName'='com.axway.trkapiua.format.AttributeNameVal@762c7f42'
DEBUG pool-1-thread-2 com.axway.common.core.xml.BasicXmlDataBinder - Query Attributes to object 'object'='AttributeNameVal''tag'='TrkAttr'
DEBUG pool-1-thread-2 com.axway.common.core.xml.BasicXmlDataBinder - Set Attribute ''name'='APPLICATION'
DEBUG pool-1-thread-2 com.axway.common.core.xml.BasicXmlDataBinder - Set Attribute ''val'='TRKAPIUA'
DEBUG pool-1-thread-2 com.axway.common.core.xml.BasicXmlDataBinder - Object doesnot implement XmlTagEmptyElementsWritable --> add empty text node: 'tagName'='TrkAttr''tag'='class com.axway.trkapiua.format.AttributeNameVal'
DEBUG pool-1-thread-2 com.axway.common.core.xml.BasicXmlDataBinder - Create Sub Element and enter in object'object[0]'='AttributeNameVal''subTagName'='com.axway.trkapiua.format.AttributeNameVal@5097e28f'
DEBUG pool-1-thread-2 com.axway.common.core.xml.BasicXmlDataBinder - Query Attributes to object 'object'='AttributeNameVal''tag'='TrkAttr'
DEBUG pool-1-thread-2 com.axway.common.core.xml.BasicXmlDataBinder - Set Attribute ''name'='PRODUCTNAME'
DEBUG pool-1-thread-2 com.axway.common.core.xml.BasicXmlDataBinder - Set Attribute ''val'='TRKAPI_JAVA'
DEBUG pool-1-thread-2 com.axway.common.core.xml.BasicXmlDataBinder - Object doesnot implement XmlTagEmptyElementsWritable --> add empty text node: 'tagName'='TrkAttr''tag'='class com.axway.trkapiua.format.AttributeNameVal'
DEBUG pool-1-thread-2 com.axway.common.core.xml.BasicXmlDataBinder - Create Sub Element and enter in object'object[0]'='AttributeNameVal''subTagName'='com.axway.trkapiua.format.AttributeNameVal@646f685a'
DEBUG pool-1-thread-2 com.axway.common.core.xml.BasicXmlDataBinder - Query Attributes to object 'object'='AttributeNameVal''tag'='TrkAttr'
DEBUG pool-1-thread-2 com.axway.common.core.xml.BasicXmlDataBinder - Set Attribute ''name'='GMTDIFF'
DEBUG pool-1-thread-2 com.axway.common.core.xml.BasicXmlDataBinder - Set Attribute ''val'='-300'
DEBUG pool-1-thread-2 com.axway.common.core.xml.BasicXmlDataBinder - Object doesnot implement XmlTagEmptyElementsWritable --> add empty text node: 'tagName'='TrkAttr''tag'='class com.axway.trkapiua.format.AttributeNameVal'
DEBUG pool-1-thread-2 com.axway.common.core.xml.BasicXmlDataBinder - Create Sub Element and enter in object'object[0]'='AttributeNameVal''subTagName'='com.axway.trkapiua.format.AttributeNameVal@61974062'
DEBUG pool-1-thread-2 com.axway.common.core.xml.BasicXmlDataBinder - Query Attributes to object 'object'='AttributeNameVal''tag'='TrkAttr'
DEBUG pool-1-thread-2 com.axway.common.core.xml.BasicXmlDataBinder - Set Attribute ''name'='INTERNALSTATE'
DEBUG pool-1-thread-2 com.axway.common.core.xml.BasicXmlDataBinder - Set Attribute ''val'='1001'
DEBUG pool-1-thread-2 com.axway.common.core.xml.BasicXmlDataBinder - Object doesnot implement XmlTagEmptyElementsWritable --> add empty text node: 'tagName'='TrkAttr''tag'='class com.axway.trkapiua.format.AttributeNameVal'
DEBUG pool-1-thread-2 com.axway.common.core.xml.BasicXmlDataBinder - Create Sub Element and enter in object'object[0]'='AttributeNameVal''subTagName'='com.axway.trkapiua.format.AttributeNameVal@7454e57d'
DEBUG pool-1-thread-2 com.axway.common.core.xml.BasicXmlDataBinder - Query Attributes to object 'object'='AttributeNameVal''tag'='TrkAttr'
DEBUG pool-1-thread-2 com.axway.common.core.xml.BasicXmlDataBinder - Set Attribute ''name'='FILEDATECHANGED'
DEBUG pool-1-thread-2 com.axway.common.core.xml.BasicXmlDataBinder - Set Attribute ''val'='2016-08-29'
DEBUG pool-1-thread-2 com.axway.common.core.xml.BasicXmlDataBinder - Object doesnot implement XmlTagEmptyElementsWritable --> add empty text node: 'tagName'='TrkAttr''tag'='class com.axway.trkapiua.format.AttributeNameVal'
DEBUG pool-1-thread-2 com.axway.common.core.xml.BasicXmlDataBinder - Create Sub Element and enter in object'object[0]'='AttributeNameVal''subTagName'='com.axway.trkapiua.format.AttributeNameVal@1bb8e2e2'
DEBUG pool-1-thread-2 com.axway.common.core.xml.BasicXmlDataBinder - Query Attributes to object 'object'='AttributeNameVal''tag'='TrkAttr'
DEBUG pool-1-thread-2 com.axway.common.core.xml.BasicXmlDataBinder - Set Attribute ''name'='HOSTNAME'
DEBUG pool-1-thread-2 com.axway.common.core.xml.BasicXmlDataBinder - Set Attribute ''val'='Octavio-PC'
DEBUG pool-1-thread-2 com.axway.common.core.xml.BasicXmlDataBinder - Object doesnot implement XmlTagEmptyElementsWritable --> add empty text node: 'tagName'='TrkAttr''tag'='class com.axway.trkapiua.format.AttributeNameVal'
DEBUG pool-1-thread-2 com.axway.common.core.xml.BasicXmlDataBinder - Create Sub Element and enter in object'object[0]'='AttributeNameVal''subTagName'='com.axway.trkapiua.format.AttributeNameVal@48a6477'
DEBUG pool-1-thread-2 com.axway.common.core.xml.BasicXmlDataBinder - Query Attributes to object 'object'='AttributeNameVal''tag'='TrkAttr'
DEBUG pool-1-thread-2 com.axway.common.core.xml.BasicXmlDataBinder - Set Attribute ''name'='PRODUCTOS'
DEBUG pool-1-thread-2 com.axway.common.core.xml.BasicXmlDataBinder - Set Attribute ''val'='Windows 10'
DEBUG pool-1-thread-2 com.axway.common.core.xml.BasicXmlDataBinder - Object doesnot implement XmlTagEmptyElementsWritable --> add empty text node: 'tagName'='TrkAttr''tag'='class com.axway.trkapiua.format.AttributeNameVal'
DEBUG pool-1-thread-2 com.axway.common.core.xml.BasicXmlDataBinder - Create Sub Element and enter in object'object[0]'='AttributeNameVal''subTagName'='com.axway.trkapiua.format.AttributeNameVal@5f45b0d4'
DEBUG pool-1-thread-2 com.axway.common.core.xml.BasicXmlDataBinder - Query Attributes to object 'object'='AttributeNameVal''tag'='TrkAttr'
DEBUG pool-1-thread-2 com.axway.common.core.xml.BasicXmlDataBinder - Set Attribute ''name'='CYCLEID'
DEBUG pool-1-thread-2 com.axway.common.core.xml.BasicXmlDataBinder - Set Attribute ''val'='OSFIxsntldeslnx64C:\Tomcat9\TomcatA\logs\catalina.2016-03-01.log'
DEBUG pool-1-thread-2 com.axway.common.core.xml.BasicXmlDataBinder - Object doesnot implement XmlTagEmptyElementsWritable --> add empty text node: 'tagName'='TrkAttr''tag'='class com.axway.trkapiua.format.AttributeNameVal'
DEBUG pool-1-thread-2 com.axway.common.core.xml.BasicXmlDataBinder - Create Sub Element and enter in object'object[0]'='AttributeNameVal''subTagName'='com.axway.trkapiua.format.AttributeNameVal@c69d94c'
DEBUG pool-1-thread-2 com.axway.common.core.xml.BasicXmlDataBinder - Query Attributes to object 'object'='AttributeNameVal''tag'='TrkAttr'
DEBUG pool-1-thread-2 com.axway.common.core.xml.BasicXmlDataBinder - Set Attribute ''name'='FILETIMECHANGED'
DEBUG pool-1-thread-2 com.axway.common.core.xml.BasicXmlDataBinder - Set Attribute ''val'='14:41:33'
DEBUG pool-1-thread-2 com.axway.common.core.xml.BasicXmlDataBinder - Object doesnot implement XmlTagEmptyElementsWritable --> add empty text node: 'tagName'='TrkAttr''tag'='class com.axway.trkapiua.format.AttributeNameVal'
DEBUG pool-1-thread-2 com.axway.common.core.xml.BasicXmlDataBinder - Create Sub Element and enter in object'object[0]'='AttributeNameVal''subTagName'='com.axway.trkapiua.format.AttributeNameVal@509a95d1'
DEBUG pool-1-thread-2 com.axway.common.core.xml.BasicXmlDataBinder - Query Attributes to object 'object'='AttributeNameVal''tag'='TrkAttr'
DEBUG pool-1-thread-2 com.axway.common.core.xml.BasicXmlDataBinder - Set Attribute ''name'='EVENTDATE'
DEBUG pool-1-thread-2 com.axway.common.core.xml.BasicXmlDataBinder - Set Attribute ''val'='2016-08-29'
DEBUG pool-1-thread-2 com.axway.common.core.xml.BasicXmlDataBinder - Object doesnot implement XmlTagEmptyElementsWritable --> add empty text node: 'tagName'='TrkAttr''tag'='class com.axway.trkapiua.format.AttributeNameVal'
DEBUG pool-1-thread-2 com.axway.common.core.xml.BasicXmlDataBinder - Create Sub Element and enter in object'object[0]'='AttributeNameVal''subTagName'='com.axway.trkapiua.format.AttributeNameVal@7e4fa69'
DEBUG pool-1-thread-2 com.axway.common.core.xml.BasicXmlDataBinder - Query Attributes to object 'object'='AttributeNameVal''tag'='TrkAttr'
DEBUG pool-1-thread-2 com.axway.common.core.xml.BasicXmlDataBinder - Set Attribute ''name'='FILEPATH'
DEBUG pool-1-thread-2 com.axway.common.core.xml.BasicXmlDataBinder - Set Attribute ''val'='C:\Tomcat9\TomcatA\logs\'
DEBUG pool-1-thread-2 com.axway.common.core.xml.BasicXmlDataBinder - Object doesnot implement XmlTagEmptyElementsWritable --> add empty text node: 'tagName'='TrkAttr''tag'='class com.axway.trkapiua.format.AttributeNameVal'
DEBUG pool-1-thread-2 com.axway.common.core.xml.BasicXmlDataBinder - Create Sub Element and enter in object'object[0]'='AttributeNameVal''subTagName'='com.axway.trkapiua.format.AttributeNameVal@75d52951'
DEBUG pool-1-thread-2 com.axway.common.core.xml.BasicXmlDataBinder - Query Attributes to object 'object'='AttributeNameVal''tag'='TrkAttr'
DEBUG pool-1-thread-2 com.axway.common.core.xml.BasicXmlDataBinder - Set Attribute ''name'='AGENTIPADDR'
DEBUG pool-1-thread-2 com.axway.common.core.xml.BasicXmlDataBinder - Set Attribute ''val'='xsntldeslnx64'
DEBUG pool-1-thread-2 com.axway.common.core.xml.BasicXmlDataBinder - Object doesnot implement XmlTagEmptyElementsWritable --> add empty text node: 'tagName'='TrkAttr''tag'='class com.axway.trkapiua.format.AttributeNameVal'
DEBUG pool-1-thread-2 com.axway.common.core.xml.BasicXmlDataBinder - Create Sub Element and enter in object'object[0]'='AttributeNameVal''subTagName'='com.axway.trkapiua.format.AttributeNameVal@37b42d1e'
DEBUG pool-1-thread-2 com.axway.common.core.xml.BasicXmlDataBinder - Query Attributes to object 'object'='AttributeNameVal''tag'='TrkAttr'
DEBUG pool-1-thread-2 com.axway.common.core.xml.BasicXmlDataBinder - Set Attribute ''name'='FILENAME'
DEBUG pool-1-thread-2 com.axway.common.core.xml.BasicXmlDataBinder - Set Attribute ''val'='catalina.2016-03-01.log'
DEBUG pool-1-thread-2 com.axway.common.core.xml.BasicXmlDataBinder - Object doesnot implement XmlTagEmptyElementsWritable --> add empty text node: 'tagName'='TrkAttr''tag'='class com.axway.trkapiua.format.AttributeNameVal'
DEBUG pool-1-thread-2 com.axway.common.core.xml.BasicXmlDataBinder - Create Sub Element and enter in object'object[0]'='AttributeNameVal''subTagName'='com.axway.trkapiua.format.AttributeNameVal@33840224'
DEBUG pool-1-thread-2 com.axway.common.core.xml.BasicXmlDataBinder - Query Attributes to object 'object'='AttributeNameVal''tag'='TrkAttr'
DEBUG pool-1-thread-2 com.axway.common.core.xml.BasicXmlDataBinder - Set Attribute ''name'='PRODUCTIPADDR'
DEBUG pool-1-thread-2 com.axway.common.core.xml.BasicXmlDataBinder - Set Attribute ''val'='xsntldeslnx64'
DEBUG pool-1-thread-2 com.axway.common.core.xml.BasicXmlDataBinder - Object doesnot implement XmlTagEmptyElementsWritable --> add empty text node: 'tagName'='TrkAttr''tag'='class com.axway.trkapiua.format.AttributeNameVal'
DEBUG pool-1-thread-2 com.axway.common.core.xml.BasicXmlDataBinder - Add a root Node'new Element'='TrkDescriptor'
DEBUG pool-1-thread-2 com.axway.common.circularbuffer.CircularObjectBuffer - spaceLeft = 10485760 message length = 937
DEBUG pool-1-thread-2 com.axway.common.circularbuffer.CircularObjectBuffer - ++++++ write w=937 r=0 nMgs=1 max=937 : 000000927:<?xml version="1.0" encoding="UTF-8"?><TrkDescriptor><TrkXML VERSION="1.0"/><TrkObject><TrkIdentifier TYPE="Event" NAME="FILEWATCHES" VERSION="1.0"/><TrkAttr name="EVENTTIME" val="14:41:33"/><TrkAttr name="APPLICATION" val="TRKAPIUA"/><TrkAttr name="PRODUCTNAME" val="TRKAPI_JAVA"/><TrkAttr name="GMTDIFF" val="-300"/><TrkAttr name="INTERNALSTATE" val="1001"/><TrkAttr name="FILEDATECHANGED" val="2016-08-29"/><TrkAttr name="HOSTNAME" val="Octavio-PC"/><TrkAttr name="PRODUCTOS" val="Windows 10"/><TrkAttr name="CYCLEID" val="OSFIxsntldeslnx64C:\Tomcat9\TomcatA\logs\catalina.2016-03-01.log"/><TrkAttr name="FILETIMECHANGED" val="14:41:33"/><TrkAttr name="EVENTDATE" val="2016-08-29"/><TrkAttr name="FILEPATH" val="C:\Tomcat9\TomcatA\logs\"/><TrkAttr name="AGENTIPADDR" val="xsntldeslnx64"/><TrkAttr name="FILENAME" val="catalina.2016-03-01.log"/><TrkAttr name="PRODUCTIPADDR" val="xsntldeslnx64"/></TrkObject></TrkDescriptor>

DEBUG Thread-18 com.axway.common.core.security.factory.SentinelClientSocketFactory - Factory created with target server hostname : null
DEBUG Thread-18 com.axway.common.core.security.factory.SentinelClientSocketFactory - Opening a socket connection to 172.16.0.80:1305
DEBUG Thread-18 com.axway.common.circularbuffer.sender.QltSender - Connected to xsntldeslnx64@1305
DEBUG Thread-18 com.axway.common.circularbuffer.sender.QltSender - send
DEBUG Thread-18 com.axway.common.circularbuffer.sender.QltSender - Message sent: >>><?xml version="1.0" encoding="UTF-8"?><TrkDescriptor><TrkXML VERSION="1.0"/><TrkObject><TrkIdentifier TYPE="Event" NAME="FILEWATCHES" VERSION="1.0"/><TrkAttr name="EVENTTIME" val="14:41:33"/><TrkAttr name="APPLICATION" val="TRKAPIUA"/><TrkAttr name="PRODUCTNAME" val="TRKAPI_JAVA"/><TrkAttr name="GMTDIFF" val="-300"/><TrkAttr name="INTERNALSTATE" val="1001"/><TrkAttr name="FILEDATECHANGED" val="2016-08-29"/><TrkAttr name="HOSTNAME" val="Octavio-PC"/><TrkAttr name="PRODUCTOS" val="Windows 10"/><TrkAttr name="CYCLEID" val="OSFIxsntldeslnx64C:\Tomcat9\TomcatA\logs\catalina.2016-03-01.log"/><TrkAttr name="FILETIMECHANGED" val="14:41:33"/><TrkAttr name="EVENTDATE" val="2016-08-29"/><TrkAttr name="FILEPATH" val="C:\Tomcat9\TomcatA\logs\"/><TrkAttr name="AGENTIPADDR" val="xsntldeslnx64"/><TrkAttr name="FILENAME" val="catalina.2016-03-01.log"/><TrkAttr name="PRODUCTIPADDR" val="xsntldeslnx64"/></TrkObject></TrkDescriptor>
<<<
DEBUG Thread-18 com.axway.common.circularbuffer.CircularObjectBuffer - ------ commitRead w=937 r=937 nMgs=0 max=937 000000927:<?xml version="1.0" encoding="UTF-8"?><TrkDescriptor><TrkXML VERSION="1.0"/><TrkObject><TrkIdentifier TYPE="Event" NAME="FILEWATCHES" VERSION="1.0"/><TrkAttr name="EVENTTIME" val="14:41:33"/><TrkAttr name="APPLICATION" val="TRKAPIUA"/><TrkAttr name="PRODUCTNAME" val="TRKAPI_JAVA"/><TrkAttr name="GMTDIFF" val="-300"/><TrkAttr name="INTERNALSTATE" val="1001"/><TrkAttr name="FILEDATECHANGED" val="2016-08-29"/><TrkAttr name="HOSTNAME" val="Octavio-PC"/><TrkAttr name="PRODUCTOS" val="Windows 10"/><TrkAttr name="CYCLEID" val="OSFIxsntldeslnx64C:\Tomcat9\TomcatA\logs\catalina.2016-03-01.log"/><TrkAttr name="FILETIMECHANGED" val="14:41:33"/><TrkAttr name="EVENTDATE" val="2016-08-29"/><TrkAttr name="FILEPATH" val="C:\Tomcat9\TomcatA\logs\"/><TrkAttr name="AGENTIPADDR" val="xsntldeslnx64"/><TrkAttr name="FILENAME" val="catalina.2016-03-01.log"/><TrkAttr name="PRODUCTIPADDR" val="xsntldeslnx64"/></TrkObject></TrkDescriptor>

DEBUG pool-1-thread-2 com.axway.common.circularbuffer.sender.QltSender - close
DEBUG pool-1-thread-2 com.axway.common.circularbuffer.CircularObjectBufferFile - File doesn't exists, create it !
DEBUG pool-1-thread-2 com.axway.common.core.xml.XmlDataBinder - Create a new instance: rootTag=nullObject=null
DEBUG pool-1-thread-2 com.axway.common.core.util.xml.XmlUtil - Class not found: com.axway.sentinel.share.schema.Schemas, Fail to load SchemaManager using Class Name
DEBUG pool-1-thread-2 com.axway.common.core.util.xml.XmlUtil - The default schema manager is not available. Please set a schema manager.
DEBUG pool-1-thread-2 com.axway.common.core.xml.BasicXmlDataBinder - Clear (0) Elements before add new 'TagName'='TrkDescriptor'
DEBUG pool-1-thread-2 com.axway.common.core.xml.BasicXmlDataBinder - Query Attributes to object 'object'='XmlMessage''tag'='TrkDescriptor'
DEBUG pool-1-thread-2 com.axway.common.core.xml.BasicXmlDataBinder - No Attribute for 'object'='XmlMessage''tag'='TrkDescriptor'
DEBUG pool-1-thread-2 com.axway.common.core.xml.BasicXmlDataBinder - Add sub Elements for: 'tagName'='TrkDescriptor''Object'='XmlMessage'
DEBUG pool-1-thread-2 com.axway.common.core.xml.BasicXmlDataBinder - Query sub Element Name to 'object[0]'='XmlMessage''subTagName'='TrkXML'
DEBUG pool-1-thread-2 com.axway.common.core.xml.BasicXmlDataBinder - Create Sub Element and enter in object'object[0]'='XmlMessage''subTagName'='com.axway.trkapiua.format.XmlMessage@591ab524'
DEBUG pool-1-thread-2 com.axway.common.core.xml.BasicXmlDataBinder - Query Attributes to object 'object'='XmlMessage''tag'='TrkXML'
DEBUG pool-1-thread-2 com.axway.common.core.xml.BasicXmlDataBinder - Set Attribute ''VERSION'='1.0'
DEBUG pool-1-thread-2 com.axway.common.core.xml.BasicXmlDataBinder - Object have no sub Element: 'tagName'='TrkXML''Object'='XmlMessage'
DEBUG pool-1-thread-2 com.axway.common.core.xml.BasicXmlDataBinder - Query sub Element Name to 'object[0]'='XmlMessage''subTagName'='TrkObject'
DEBUG pool-1-thread-2 com.axway.common.core.xml.BasicXmlDataBinder - Create Sub Element and enter in object'object[0]'='XmlMessage''subTagName'='com.axway.trkapiua.format.XmlMessage@591ab524'
DEBUG pool-1-thread-2 com.axway.common.core.xml.BasicXmlDataBinder - Query Attributes to object 'object'='XmlMessage''tag'='TrkObject'
DEBUG pool-1-thread-2 com.axway.common.core.xml.BasicXmlDataBinder - No Attribute for 'object'='XmlMessage''tag'='TrkObject'
DEBUG pool-1-thread-2 com.axway.common.core.xml.BasicXmlDataBinder - Add sub Elements for: 'tagName'='TrkObject''Object'='XmlMessage'
DEBUG pool-1-thread-2 com.axway.common.core.xml.BasicXmlDataBinder - Query sub Element Name to 'object[0]'='XmlMessage''subTagName'='TrkIdentifier'
DEBUG pool-1-thread-2 com.axway.common.core.xml.BasicXmlDataBinder - Create Sub Element and enter in object'object[0]'='XmlMessage''subTagName'='com.axway.trkapiua.format.XmlMessage@591ab524'
DEBUG pool-1-thread-2 com.axway.common.core.xml.BasicXmlDataBinder - Query Attributes to object 'object'='XmlMessage''tag'='TrkIdentifier'
DEBUG pool-1-thread-2 com.axway.common.core.xml.BasicXmlDataBinder - Set Attribute ''TYPE'='Event'
DEBUG pool-1-thread-2 com.axway.common.core.xml.BasicXmlDataBinder - Set Attribute ''NAME'='FILEWATCHES'
DEBUG pool-1-thread-2 com.axway.common.core.xml.BasicXmlDataBinder - Set Attribute ''VERSION'='1.0'
DEBUG pool-1-thread-2 com.axway.common.core.xml.BasicXmlDataBinder - Object have no sub Element: 'tagName'='TrkIdentifier''Object'='XmlMessage'
DEBUG pool-1-thread-2 com.axway.common.core.xml.BasicXmlDataBinder - Create Sub Element and enter in object'object[0]'='AttributeNameVal''subTagName'='com.axway.trkapiua.format.AttributeNameVal@4a9c1901'
DEBUG pool-1-thread-2 com.axway.common.core.xml.BasicXmlDataBinder - Query Attributes to object 'object'='AttributeNameVal''tag'='TrkAttr'
DEBUG pool-1-thread-2 com.axway.common.core.xml.BasicXmlDataBinder - Set Attribute ''name'='EVENTTIME'
DEBUG pool-1-thread-2 com.axway.common.core.xml.BasicXmlDataBinder - Set Attribute ''val'='14:41:39'
DEBUG pool-1-thread-2 com.axway.common.core.xml.BasicXmlDataBinder - Object doesnot implement XmlTagEmptyElementsWritable --> add empty text node: 'tagName'='TrkAttr''tag'='class com.axway.trkapiua.format.AttributeNameVal'
DEBUG pool-1-thread-2 com.axway.common.core.xml.BasicXmlDataBinder - Create Sub Element and enter in object'object[0]'='AttributeNameVal''subTagName'='com.axway.trkapiua.format.AttributeNameVal@458c6624'
DEBUG pool-1-thread-2 com.axway.common.core.xml.BasicXmlDataBinder - Query Attributes to object 'object'='AttributeNameVal''tag'='TrkAttr'
DEBUG pool-1-thread-2 com.axway.common.core.xml.BasicXmlDataBinder - Set Attribute ''name'='APPLICATION'
DEBUG pool-1-thread-2 com.axway.common.core.xml.BasicXmlDataBinder - Set Attribute ''val'='TRKAPIUA'
DEBUG pool-1-thread-2 com.axway.common.core.xml.BasicXmlDataBinder - Object doesnot implement XmlTagEmptyElementsWritable --> add empty text node: 'tagName'='TrkAttr''tag'='class com.axway.trkapiua.format.AttributeNameVal'
DEBUG pool-1-thread-2 com.axway.common.core.xml.BasicXmlDataBinder - Create Sub Element and enter in object'object[0]'='AttributeNameVal''subTagName'='com.axway.trkapiua.format.AttributeNameVal@ffe034d'
DEBUG pool-1-thread-2 com.axway.common.core.xml.BasicXmlDataBinder - Query Attributes to object 'object'='AttributeNameVal''tag'='TrkAttr'
DEBUG pool-1-thread-2 com.axway.common.core.xml.BasicXmlDataBinder - Set Attribute ''name'='PRODUCTNAME'
DEBUG pool-1-thread-2 com.axway.common.core.xml.BasicXmlDataBinder - Set Attribute ''val'='TRKAPI_JAVA'
DEBUG pool-1-thread-2 com.axway.common.core.xml.BasicXmlDataBinder - Object doesnot implement XmlTagEmptyElementsWritable --> add empty text node: 'tagName'='TrkAttr''tag'='class com.axway.trkapiua.format.AttributeNameVal'
DEBUG pool-1-thread-2 com.axway.common.core.xml.BasicXmlDataBinder - Create Sub Element and enter in object'object[0]'='AttributeNameVal''subTagName'='com.axway.trkapiua.format.AttributeNameVal@3413403'
DEBUG pool-1-thread-2 com.axway.common.core.xml.BasicXmlDataBinder - Query Attributes to object 'object'='AttributeNameVal''tag'='TrkAttr'
DEBUG pool-1-thread-2 com.axway.common.core.xml.BasicXmlDataBinder - Set Attribute ''name'='GMTDIFF'
DEBUG pool-1-thread-2 com.axway.common.core.xml.BasicXmlDataBinder - Set Attribute ''val'='-300'
DEBUG pool-1-thread-2 com.axway.common.core.xml.BasicXmlDataBinder - Object doesnot implement XmlTagEmptyElementsWritable --> add empty text node: 'tagName'='TrkAttr''tag'='class com.axway.trkapiua.format.AttributeNameVal'
DEBUG pool-1-thread-2 com.axway.common.core.xml.BasicXmlDataBinder - Create Sub Element and enter in object'object[0]'='AttributeNameVal''subTagName'='com.axway.trkapiua.format.AttributeNameVal@293f617b'
DEBUG pool-1-thread-2 com.axway.common.core.xml.BasicXmlDataBinder - Query Attributes to object 'object'='AttributeNameVal''tag'='TrkAttr'
DEBUG pool-1-thread-2 com.axway.common.core.xml.BasicXmlDataBinder - Set Attribute ''name'='INTERNALSTATE'
DEBUG pool-1-thread-2 com.axway.common.core.xml.BasicXmlDataBinder - Set Attribute ''val'='1001'
DEBUG pool-1-thread-2 com.axway.common.core.xml.BasicXmlDataBinder - Object doesnot implement XmlTagEmptyElementsWritable --> add empty text node: 'tagName'='TrkAttr''tag'='class com.axway.trkapiua.format.AttributeNameVal'
DEBUG pool-1-thread-2 com.axway.common.core.xml.BasicXmlDataBinder - Create Sub Element and enter in object'object[0]'='AttributeNameVal''subTagName'='com.axway.trkapiua.format.AttributeNameVal@fa48f3e'
DEBUG pool-1-thread-2 com.axway.common.core.xml.BasicXmlDataBinder - Query Attributes to object 'object'='AttributeNameVal''tag'='TrkAttr'
DEBUG pool-1-thread-2 com.axway.common.core.xml.BasicXmlDataBinder - Set Attribute ''name'='FILEDATECHANGED'
DEBUG pool-1-thread-2 com.axway.common.core.xml.BasicXmlDataBinder - Set Attribute ''val'='2016-08-29'
DEBUG pool-1-thread-2 com.axway.common.core.xml.BasicXmlDataBinder - Object doesnot implement XmlTagEmptyElementsWritable --> add empty text node: 'tagName'='TrkAttr''tag'='class com.axway.trkapiua.format.AttributeNameVal'
DEBUG pool-1-thread-2 com.axway.common.core.xml.BasicXmlDataBinder - Create Sub Element and enter in object'object[0]'='AttributeNameVal''subTagName'='com.axway.trkapiua.format.AttributeNameVal@703f11ec'
DEBUG pool-1-thread-2 com.axway.common.core.xml.BasicXmlDataBinder - Query Attributes to object 'object'='AttributeNameVal''tag'='TrkAttr'
DEBUG pool-1-thread-2 com.axway.common.core.xml.BasicXmlDataBinder - Set Attribute ''name'='HOSTNAME'
DEBUG pool-1-thread-2 com.axway.common.core.xml.BasicXmlDataBinder - Set Attribute ''val'='Octavio-PC'
DEBUG pool-1-thread-2 com.axway.common.core.xml.BasicXmlDataBinder - Object doesnot implement XmlTagEmptyElementsWritable --> add empty text node: 'tagName'='TrkAttr''tag'='class com.axway.trkapiua.format.AttributeNameVal'
DEBUG pool-1-thread-2 com.axway.common.core.xml.BasicXmlDataBinder - Create Sub Element and enter in object'object[0]'='AttributeNameVal''subTagName'='com.axway.trkapiua.format.AttributeNameVal@7a54c2c4'
DEBUG pool-1-thread-2 com.axway.common.core.xml.BasicXmlDataBinder - Query Attributes to object 'object'='AttributeNameVal''tag'='TrkAttr'
DEBUG pool-1-thread-2 com.axway.common.core.xml.BasicXmlDataBinder - Set Attribute ''name'='PRODUCTOS'
DEBUG pool-1-thread-2 com.axway.common.core.xml.BasicXmlDataBinder - Set Attribute ''val'='Windows 10'
DEBUG pool-1-thread-2 com.axway.common.core.xml.BasicXmlDataBinder - Object doesnot implement XmlTagEmptyElementsWritable --> add empty text node: 'tagName'='TrkAttr''tag'='class com.axway.trkapiua.format.AttributeNameVal'
DEBUG pool-1-thread-2 com.axway.common.core.xml.BasicXmlDataBinder - Create Sub Element and enter in object'object[0]'='AttributeNameVal''subTagName'='com.axway.trkapiua.format.AttributeNameVal@2832404c'
DEBUG pool-1-thread-2 com.axway.common.core.xml.BasicXmlDataBinder - Query Attributes to object 'object'='AttributeNameVal''tag'='TrkAttr'
DEBUG pool-1-thread-2 com.axway.common.core.xml.BasicXmlDataBinder - Set Attribute ''name'='CYCLEID'
DEBUG pool-1-thread-2 com.axway.common.core.xml.BasicXmlDataBinder - Set Attribute ''val'='OSFIxsntldeslnx64C:\Tomcat9\TomcatA\logs\host-manager.2016-03-01.log'
DEBUG pool-1-thread-2 com.axway.common.core.xml.BasicXmlDataBinder - Object doesnot implement XmlTagEmptyElementsWritable --> add empty text node: 'tagName'='TrkAttr''tag'='class com.axway.trkapiua.format.AttributeNameVal'
DEBUG pool-1-thread-2 com.axway.common.core.xml.BasicXmlDataBinder - Create Sub Element and enter in object'object[0]'='AttributeNameVal''subTagName'='com.axway.trkapiua.format.AttributeNameVal@344e70b'
DEBUG pool-1-thread-2 com.axway.common.core.xml.BasicXmlDataBinder - Query Attributes to object 'object'='AttributeNameVal''tag'='TrkAttr'
DEBUG pool-1-thread-2 com.axway.common.core.xml.BasicXmlDataBinder - Set Attribute ''name'='FILETIMECHANGED'
DEBUG pool-1-thread-2 com.axway.common.core.xml.BasicXmlDataBinder - Set Attribute ''val'='14:41:39'
DEBUG pool-1-thread-2 com.axway.common.core.xml.BasicXmlDataBinder - Object doesnot implement XmlTagEmptyElementsWritable --> add empty text node: 'tagName'='TrkAttr''tag'='class com.axway.trkapiua.format.AttributeNameVal'
DEBUG pool-1-thread-2 com.axway.common.core.xml.BasicXmlDataBinder - Create Sub Element and enter in object'object[0]'='AttributeNameVal''subTagName'='com.axway.trkapiua.format.AttributeNameVal@bfc36fe'
DEBUG pool-1-thread-2 com.axway.common.core.xml.BasicXmlDataBinder - Query Attributes to object 'object'='AttributeNameVal''tag'='TrkAttr'
DEBUG pool-1-thread-2 com.axway.common.core.xml.BasicXmlDataBinder - Set Attribute ''name'='EVENTDATE'
DEBUG pool-1-thread-2 com.axway.common.core.xml.BasicXmlDataBinder - Set Attribute ''val'='2016-08-29'
DEBUG pool-1-thread-2 com.axway.common.core.xml.BasicXmlDataBinder - Object doesnot implement XmlTagEmptyElementsWritable --> add empty text node: 'tagName'='TrkAttr''tag'='class com.axway.trkapiua.format.AttributeNameVal'
DEBUG pool-1-thread-2 com.axway.common.core.xml.BasicXmlDataBinder - Create Sub Element and enter in object'object[0]'='AttributeNameVal''subTagName'='com.axway.trkapiua.format.AttributeNameVal@576287a7'
DEBUG pool-1-thread-2 com.axway.common.core.xml.BasicXmlDataBinder - Query Attributes to object 'object'='AttributeNameVal''tag'='TrkAttr'
DEBUG pool-1-thread-2 com.axway.common.core.xml.BasicXmlDataBinder - Set Attribute ''name'='FILEPATH'
DEBUG pool-1-thread-2 com.axway.common.core.xml.BasicXmlDataBinder - Set Attribute ''val'='C:\Tomcat9\TomcatA\logs\'
DEBUG pool-1-thread-2 com.axway.common.core.xml.BasicXmlDataBinder - Object doesnot implement XmlTagEmptyElementsWritable --> add empty text node: 'tagName'='TrkAttr''tag'='class com.axway.trkapiua.format.AttributeNameVal'
DEBUG pool-1-thread-2 com.axway.common.core.xml.BasicXmlDataBinder - Create Sub Element and enter in object'object[0]'='AttributeNameVal''subTagName'='com.axway.trkapiua.format.AttributeNameVal@6de89d27'
DEBUG pool-1-thread-2 com.axway.common.core.xml.BasicXmlDataBinder - Query Attributes to object 'object'='AttributeNameVal''tag'='TrkAttr'
DEBUG pool-1-thread-2 com.axway.common.core.xml.BasicXmlDataBinder - Set Attribute ''name'='AGENTIPADDR'
DEBUG pool-1-thread-2 com.axway.common.core.xml.BasicXmlDataBinder - Set Attribute ''val'='xsntldeslnx64'
DEBUG pool-1-thread-2 com.axway.common.core.xml.BasicXmlDataBinder - Object doesnot implement XmlTagEmptyElementsWritable --> add empty text node: 'tagName'='TrkAttr''tag'='class com.axway.trkapiua.format.AttributeNameVal'
DEBUG pool-1-thread-2 com.axway.common.core.xml.BasicXmlDataBinder - Create Sub Element and enter in object'object[0]'='AttributeNameVal''subTagName'='com.axway.trkapiua.format.AttributeNameVal@4930432e'
DEBUG pool-1-thread-2 com.axway.common.core.xml.BasicXmlDataBinder - Query Attributes to object 'object'='AttributeNameVal''tag'='TrkAttr'
DEBUG pool-1-thread-2 com.axway.common.core.xml.BasicXmlDataBinder - Set Attribute ''name'='FILENAME'
DEBUG pool-1-thread-2 com.axway.common.core.xml.BasicXmlDataBinder - Set Attribute ''val'='host-manager.2016-03-01.log'
DEBUG pool-1-thread-2 com.axway.common.core.xml.BasicXmlDataBinder - Object doesnot implement XmlTagEmptyElementsWritable --> add empty text node: 'tagName'='TrkAttr''tag'='class com.axway.trkapiua.format.AttributeNameVal'
DEBUG pool-1-thread-2 com.axway.common.core.xml.BasicXmlDataBinder - Create Sub Element and enter in object'object[0]'='AttributeNameVal''subTagName'='com.axway.trkapiua.format.AttributeNameVal@2311c730'
DEBUG pool-1-thread-2 com.axway.common.core.xml.BasicXmlDataBinder - Query Attributes to object 'object'='AttributeNameVal''tag'='TrkAttr'
DEBUG pool-1-thread-2 com.axway.common.core.xml.BasicXmlDataBinder - Set Attribute ''name'='PRODUCTIPADDR'
DEBUG pool-1-thread-2 com.axway.common.core.xml.BasicXmlDataBinder - Set Attribute ''val'='xsntldeslnx64'
DEBUG pool-1-thread-2 com.axway.common.core.xml.BasicXmlDataBinder - Object doesnot implement XmlTagEmptyElementsWritable --> add empty text node: 'tagName'='TrkAttr''tag'='class com.axway.trkapiua.format.AttributeNameVal'
DEBUG pool-1-thread-2 com.axway.common.core.xml.BasicXmlDataBinder - Add a root Node'new Element'='TrkDescriptor'
DEBUG pool-1-thread-2 com.axway.common.circularbuffer.CircularObjectBuffer - spaceLeft = 10485760 message length = 945
DEBUG pool-1-thread-2 com.axway.common.circularbuffer.CircularObjectBuffer - ++++++ write w=945 r=0 nMgs=1 max=945 : 000000935:<?xml version="1.0" encoding="UTF-8"?><TrkDescriptor><TrkXML VERSION="1.0"/><TrkObject><TrkIdentifier TYPE="Event" NAME="FILEWATCHES" VERSION="1.0"/><TrkAttr name="EVENTTIME" val="14:41:39"/><TrkAttr name="APPLICATION" val="TRKAPIUA"/><TrkAttr name="PRODUCTNAME" val="TRKAPI_JAVA"/><TrkAttr name="GMTDIFF" val="-300"/><TrkAttr name="INTERNALSTATE" val="1001"/><TrkAttr name="FILEDATECHANGED" val="2016-08-29"/><TrkAttr name="HOSTNAME" val="Octavio-PC"/><TrkAttr name="PRODUCTOS" val="Windows 10"/><TrkAttr name="CYCLEID" val="OSFIxsntldeslnx64C:\Tomcat9\TomcatA\logs\host-manager.2016-03-01.log"/><TrkAttr name="FILETIMECHANGED" val="14:41:39"/><TrkAttr name="EVENTDATE" val="2016-08-29"/><TrkAttr name="FILEPATH" val="C:\Tomcat9\TomcatA\logs\"/><TrkAttr name="AGENTIPADDR" val="xsntldeslnx64"/><TrkAttr name="FILENAME" val="host-manager.2016-03-01.log"/><TrkAttr name="PRODUCTIPADDR" val="xsntldeslnx64"/></TrkObject></TrkDescriptor>

DEBUG Thread-19 com.axway.common.core.security.factory.SentinelClientSocketFactory - Factory created with target server hostname : null
DEBUG Thread-19 com.axway.common.core.security.factory.SentinelClientSocketFactory - Opening a socket connection to 172.16.0.80:1305
DEBUG Thread-19 com.axway.common.circularbuffer.sender.QltSender - Connected to xsntldeslnx64@1305
DEBUG Thread-19 com.axway.common.circularbuffer.sender.QltSender - send
DEBUG Thread-19 com.axway.common.circularbuffer.sender.QltSender - Message sent: >>><?xml version="1.0" encoding="UTF-8"?><TrkDescriptor><TrkXML VERSION="1.0"/><TrkObject><TrkIdentifier TYPE="Event" NAME="FILEWATCHES" VERSION="1.0"/><TrkAttr name="EVENTTIME" val="14:41:39"/><TrkAttr name="APPLICATION" val="TRKAPIUA"/><TrkAttr name="PRODUCTNAME" val="TRKAPI_JAVA"/><TrkAttr name="GMTDIFF" val="-300"/><TrkAttr name="INTERNALSTATE" val="1001"/><TrkAttr name="FILEDATECHANGED" val="2016-08-29"/><TrkAttr name="HOSTNAME" val="Octavio-PC"/><TrkAttr name="PRODUCTOS" val="Windows 10"/><TrkAttr name="CYCLEID" val="OSFIxsntldeslnx64C:\Tomcat9\TomcatA\logs\host-manager.2016-03-01.log"/><TrkAttr name="FILETIMECHANGED" val="14:41:39"/><TrkAttr name="EVENTDATE" val="2016-08-29"/><TrkAttr name="FILEPATH" val="C:\Tomcat9\TomcatA\logs\"/><TrkAttr name="AGENTIPADDR" val="xsntldeslnx64"/><TrkAttr name="FILENAME" val="host-manager.2016-03-01.log"/><TrkAttr name="PRODUCTIPADDR" val="xsntldeslnx64"/></TrkObject></TrkDescriptor>
<<<
DEBUG Thread-19 com.axway.common.circularbuffer.CircularObjectBuffer - ------ commitRead w=945 r=945 nMgs=0 max=945 000000935:<?xml version="1.0" encoding="UTF-8"?><TrkDescriptor><TrkXML VERSION="1.0"/><TrkObject><TrkIdentifier TYPE="Event" NAME="FILEWATCHES" VERSION="1.0"/><TrkAttr name="EVENTTIME" val="14:41:39"/><TrkAttr name="APPLICATION" val="TRKAPIUA"/><TrkAttr name="PRODUCTNAME" val="TRKAPI_JAVA"/><TrkAttr name="GMTDIFF" val="-300"/><TrkAttr name="INTERNALSTATE" val="1001"/><TrkAttr name="FILEDATECHANGED" val="2016-08-29"/><TrkAttr name="HOSTNAME" val="Octavio-PC"/><TrkAttr name="PRODUCTOS" val="Windows 10"/><TrkAttr name="CYCLEID" val="OSFIxsntldeslnx64C:\Tomcat9\TomcatA\logs\host-manager.2016-03-01.log"/><TrkAttr name="FILETIMECHANGED" val="14:41:39"/><TrkAttr name="EVENTDATE" val="2016-08-29"/><TrkAttr name="FILEPATH" val="C:\Tomcat9\TomcatA\logs\"/><TrkAttr name="AGENTIPADDR" val="xsntldeslnx64"/><TrkAttr name="FILENAME" val="host-manager.2016-03-01.log"/><TrkAttr name="PRODUCTIPADDR" val="xsntldeslnx64"/></TrkObject></TrkDescriptor>

DEBUG pool-1-thread-2 com.axway.common.circularbuffer.sender.QltSender - close
DEBUG pool-1-thread-2 com.axway.common.circularbuffer.CircularObjectBufferFile - File doesn't exists, create it !
DEBUG pool-1-thread-2 com.axway.common.core.xml.XmlDataBinder - Create a new instance: rootTag=nullObject=null
DEBUG pool-1-thread-2 com.axway.common.core.util.xml.XmlUtil - Class not found: com.axway.sentinel.share.schema.Schemas, Fail to load SchemaManager using Class Name
DEBUG pool-1-thread-2 com.axway.common.core.util.xml.XmlUtil - The default schema manager is not available. Please set a schema manager.
DEBUG pool-1-thread-2 com.axway.common.core.xml.BasicXmlDataBinder - Clear (0) Elements before add new 'TagName'='TrkDescriptor'
DEBUG pool-1-thread-2 com.axway.common.core.xml.BasicXmlDataBinder - Query Attributes to object 'object'='XmlMessage''tag'='TrkDescriptor'
DEBUG pool-1-thread-2 com.axway.common.core.xml.BasicXmlDataBinder - No Attribute for 'object'='XmlMessage''tag'='TrkDescriptor'
DEBUG pool-1-thread-2 com.axway.common.core.xml.BasicXmlDataBinder - Add sub Elements for: 'tagName'='TrkDescriptor''Object'='XmlMessage'
DEBUG pool-1-thread-2 com.axway.common.core.xml.BasicXmlDataBinder - Query sub Element Name to 'object[0]'='XmlMessage''subTagName'='TrkXML'
DEBUG pool-1-thread-2 com.axway.common.core.xml.BasicXmlDataBinder - Create Sub Element and enter in object'object[0]'='XmlMessage''subTagName'='com.axway.trkapiua.format.XmlMessage@600d234a'
DEBUG pool-1-thread-2 com.axway.common.core.xml.BasicXmlDataBinder - Query Attributes to object 'object'='XmlMessage''tag'='TrkXML'
DEBUG pool-1-thread-2 com.axway.common.core.xml.BasicXmlDataBinder - Set Attribute ''VERSION'='1.0'
DEBUG pool-1-thread-2 com.axway.common.core.xml.BasicXmlDataBinder - Object have no sub Element: 'tagName'='TrkXML''Object'='XmlMessage'
DEBUG pool-1-thread-2 com.axway.common.core.xml.BasicXmlDataBinder - Query sub Element Name to 'object[0]'='XmlMessage''subTagName'='TrkObject'
DEBUG pool-1-thread-2 com.axway.common.core.xml.BasicXmlDataBinder - Create Sub Element and enter in object'object[0]'='XmlMessage''subTagName'='com.axway.trkapiua.format.XmlMessage@600d234a'
DEBUG pool-1-thread-2 com.axway.common.core.xml.BasicXmlDataBinder - Query Attributes to object 'object'='XmlMessage''tag'='TrkObject'
DEBUG pool-1-thread-2 com.axway.common.core.xml.BasicXmlDataBinder - No Attribute for 'object'='XmlMessage''tag'='TrkObject'
DEBUG pool-1-thread-2 com.axway.common.core.xml.BasicXmlDataBinder - Add sub Elements for: 'tagName'='TrkObject''Object'='XmlMessage'
DEBUG pool-1-thread-2 com.axway.common.core.xml.BasicXmlDataBinder - Query sub Element Name to 'object[0]'='XmlMessage''subTagName'='TrkIdentifier'
DEBUG pool-1-thread-2 com.axway.common.core.xml.BasicXmlDataBinder - Create Sub Element and enter in object'object[0]'='XmlMessage''subTagName'='com.axway.trkapiua.format.XmlMessage@600d234a'
DEBUG pool-1-thread-2 com.axway.common.core.xml.BasicXmlDataBinder - Query Attributes to object 'object'='XmlMessage''tag'='TrkIdentifier'
DEBUG pool-1-thread-2 com.axway.common.core.xml.BasicXmlDataBinder - Set Attribute ''TYPE'='Event'
DEBUG pool-1-thread-2 com.axway.common.core.xml.BasicXmlDataBinder - Set Attribute ''NAME'='FILEWATCHES'
DEBUG pool-1-thread-2 com.axway.common.core.xml.BasicXmlDataBinder - Set Attribute ''VERSION'='1.0'
DEBUG pool-1-thread-2 com.axway.common.core.xml.BasicXmlDataBinder - Object have no sub Element: 'tagName'='TrkIdentifier''Object'='XmlMessage'
DEBUG pool-1-thread-2 com.axway.common.core.xml.BasicXmlDataBinder - Create Sub Element and enter in object'object[0]'='AttributeNameVal''subTagName'='com.axway.trkapiua.format.AttributeNameVal@49a58bc9'
DEBUG pool-1-thread-2 com.axway.common.core.xml.BasicXmlDataBinder - Query Attributes to object 'object'='AttributeNameVal''tag'='TrkAttr'
DEBUG pool-1-thread-2 com.axway.common.core.xml.BasicXmlDataBinder - Set Attribute ''name'='EVENTTIME'
DEBUG pool-1-thread-2 com.axway.common.core.xml.BasicXmlDataBinder - Set Attribute ''val'='16:37:48'
DEBUG pool-1-thread-2 com.axway.common.core.xml.BasicXmlDataBinder - Object doesnot implement XmlTagEmptyElementsWritable --> add empty text node: 'tagName'='TrkAttr''tag'='class com.axway.trkapiua.format.AttributeNameVal'
DEBUG pool-1-thread-2 com.axway.common.core.xml.BasicXmlDataBinder - Create Sub Element and enter in object'object[0]'='AttributeNameVal''subTagName'='com.axway.trkapiua.format.AttributeNameVal@24788e0'
DEBUG pool-1-thread-2 com.axway.common.core.xml.BasicXmlDataBinder - Query Attributes to object 'object'='AttributeNameVal''tag'='TrkAttr'
DEBUG pool-1-thread-2 com.axway.common.core.xml.BasicXmlDataBinder - Set Attribute ''name'='APPLICATION'
DEBUG pool-1-thread-2 com.axway.common.core.xml.BasicXmlDataBinder - Set Attribute ''val'='TRKAPIUA'
DEBUG pool-1-thread-2 com.axway.common.core.xml.BasicXmlDataBinder - Object doesnot implement XmlTagEmptyElementsWritable --> add empty text node: 'tagName'='TrkAttr''tag'='class com.axway.trkapiua.format.AttributeNameVal'
DEBUG pool-1-thread-2 com.axway.common.core.xml.BasicXmlDataBinder - Create Sub Element and enter in object'object[0]'='AttributeNameVal''subTagName'='com.axway.trkapiua.format.AttributeNameVal@2fc2e7df'
DEBUG pool-1-thread-2 com.axway.common.core.xml.BasicXmlDataBinder - Query Attributes to object 'object'='AttributeNameVal''tag'='TrkAttr'
DEBUG pool-1-thread-2 com.axway.common.core.xml.BasicXmlDataBinder - Set Attribute ''name'='PRODUCTNAME'
DEBUG pool-1-thread-2 com.axway.common.core.xml.BasicXmlDataBinder - Set Attribute ''val'='TRKAPI_JAVA'
DEBUG pool-1-thread-2 com.axway.common.core.xml.BasicXmlDataBinder - Object doesnot implement XmlTagEmptyElementsWritable --> add empty text node: 'tagName'='TrkAttr''tag'='class com.axway.trkapiua.format.AttributeNameVal'
DEBUG pool-1-thread-2 com.axway.common.core.xml.BasicXmlDataBinder - Create Sub Element and enter in object'object[0]'='AttributeNameVal''subTagName'='com.axway.trkapiua.format.AttributeNameVal@26dc961e'
DEBUG pool-1-thread-2 com.axway.common.core.xml.BasicXmlDataBinder - Query Attributes to object 'object'='AttributeNameVal''tag'='TrkAttr'
DEBUG pool-1-thread-2 com.axway.common.core.xml.BasicXmlDataBinder - Set Attribute ''name'='GMTDIFF'
DEBUG pool-1-thread-2 com.axway.common.core.xml.BasicXmlDataBinder - Set Attribute ''val'='-300'
DEBUG pool-1-thread-2 com.axway.common.core.xml.BasicXmlDataBinder - Object doesnot implement XmlTagEmptyElementsWritable --> add empty text node: 'tagName'='TrkAttr''tag'='class com.axway.trkapiua.format.AttributeNameVal'
DEBUG pool-1-thread-2 com.axway.common.core.xml.BasicXmlDataBinder - Create Sub Element and enter in object'object[0]'='AttributeNameVal''subTagName'='com.axway.trkapiua.format.AttributeNameVal@43c2bacf'
DEBUG pool-1-thread-2 com.axway.common.core.xml.BasicXmlDataBinder - Query Attributes to object 'object'='AttributeNameVal''tag'='TrkAttr'
DEBUG pool-1-thread-2 com.axway.common.core.xml.BasicXmlDataBinder - Set Attribute ''name'='FILEDATECHANGED'
DEBUG pool-1-thread-2 com.axway.common.core.xml.BasicXmlDataBinder - Set Attribute ''val'='2016-08-29'
DEBUG pool-1-thread-2 com.axway.common.core.xml.BasicXmlDataBinder - Object doesnot implement XmlTagEmptyElementsWritable --> add empty text node: 'tagName'='TrkAttr''tag'='class com.axway.trkapiua.format.AttributeNameVal'
DEBUG pool-1-thread-2 com.axway.common.core.xml.BasicXmlDataBinder - Create Sub Element and enter in object'object[0]'='AttributeNameVal''subTagName'='com.axway.trkapiua.format.AttributeNameVal@7dfc3adf'
DEBUG pool-1-thread-2 com.axway.common.core.xml.BasicXmlDataBinder - Query Attributes to object 'object'='AttributeNameVal''tag'='TrkAttr'
DEBUG pool-1-thread-2 com.axway.common.core.xml.BasicXmlDataBinder - Set Attribute ''name'='HOSTNAME'
DEBUG pool-1-thread-2 com.axway.common.core.xml.BasicXmlDataBinder - Set Attribute ''val'='Octavio-PC'
DEBUG pool-1-thread-2 com.axway.common.core.xml.BasicXmlDataBinder - Object doesnot implement XmlTagEmptyElementsWritable --> add empty text node: 'tagName'='TrkAttr''tag'='class com.axway.trkapiua.format.AttributeNameVal'
DEBUG pool-1-thread-2 com.axway.common.core.xml.BasicXmlDataBinder - Create Sub Element and enter in object'object[0]'='AttributeNameVal''subTagName'='com.axway.trkapiua.format.AttributeNameVal@45b8d6a0'
DEBUG pool-1-thread-2 com.axway.common.core.xml.BasicXmlDataBinder - Query Attributes to object 'object'='AttributeNameVal''tag'='TrkAttr'
DEBUG pool-1-thread-2 com.axway.common.core.xml.BasicXmlDataBinder - Set Attribute ''name'='PRODUCTOS'
DEBUG pool-1-thread-2 com.axway.common.core.xml.BasicXmlDataBinder - Set Attribute ''val'='Windows 10'
DEBUG pool-1-thread-2 com.axway.common.core.xml.BasicXmlDataBinder - Object doesnot implement XmlTagEmptyElementsWritable --> add empty text node: 'tagName'='TrkAttr''tag'='class com.axway.trkapiua.format.AttributeNameVal'
DEBUG pool-1-thread-2 com.axway.common.core.xml.BasicXmlDataBinder - Create Sub Element and enter in object'object[0]'='AttributeNameVal''subTagName'='com.axway.trkapiua.format.AttributeNameVal@796c46f'
DEBUG pool-1-thread-2 com.axway.common.core.xml.BasicXmlDataBinder - Query Attributes to object 'object'='AttributeNameVal''tag'='TrkAttr'
DEBUG pool-1-thread-2 com.axway.common.core.xml.BasicXmlDataBinder - Set Attribute ''name'='CYCLEID'
DEBUG pool-1-thread-2 com.axway.common.core.xml.BasicXmlDataBinder - Set Attribute ''val'='OSFIxsntldeslnx64C:\Tomcat9\TomcatA\logs\logs'
DEBUG pool-1-thread-2 com.axway.common.core.xml.BasicXmlDataBinder - Object doesnot implement XmlTagEmptyElementsWritable --> add empty text node: 'tagName'='TrkAttr''tag'='class com.axway.trkapiua.format.AttributeNameVal'
DEBUG pool-1-thread-2 com.axway.common.core.xml.BasicXmlDataBinder - Create Sub Element and enter in object'object[0]'='AttributeNameVal''subTagName'='com.axway.trkapiua.format.AttributeNameVal@51d40290'
DEBUG pool-1-thread-2 com.axway.common.core.xml.BasicXmlDataBinder - Query Attributes to object 'object'='AttributeNameVal''tag'='TrkAttr'
DEBUG pool-1-thread-2 com.axway.common.core.xml.BasicXmlDataBinder - Set Attribute ''name'='FILETIMECHANGED'
DEBUG pool-1-thread-2 com.axway.common.core.xml.BasicXmlDataBinder - Set Attribute ''val'='16:37:48'
DEBUG pool-1-thread-2 com.axway.common.core.xml.BasicXmlDataBinder - Object doesnot implement XmlTagEmptyElementsWritable --> add empty text node: 'tagName'='TrkAttr''tag'='class com.axway.trkapiua.format.AttributeNameVal'
DEBUG pool-1-thread-2 com.axway.common.core.xml.BasicXmlDataBinder - Create Sub Element and enter in object'object[0]'='AttributeNameVal''subTagName'='com.axway.trkapiua.format.AttributeNameVal@4d62f0b7'
DEBUG pool-1-thread-2 com.axway.common.core.xml.BasicXmlDataBinder - Query Attributes to object 'object'='AttributeNameVal''tag'='TrkAttr'
DEBUG pool-1-thread-2 com.axway.common.core.xml.BasicXmlDataBinder - Set Attribute ''name'='EVENTDATE'
DEBUG pool-1-thread-2 com.axway.common.core.xml.BasicXmlDataBinder - Set Attribute ''val'='2016-08-29'
DEBUG pool-1-thread-2 com.axway.common.core.xml.BasicXmlDataBinder - Object doesnot implement XmlTagEmptyElementsWritable --> add empty text node: 'tagName'='TrkAttr''tag'='class com.axway.trkapiua.format.AttributeNameVal'
DEBUG pool-1-thread-2 com.axway.common.core.xml.BasicXmlDataBinder - Create Sub Element and enter in object'object[0]'='AttributeNameVal''subTagName'='com.axway.trkapiua.format.AttributeNameVal@4e6c226d'
DEBUG pool-1-thread-2 com.axway.common.core.xml.BasicXmlDataBinder - Query Attributes to object 'object'='AttributeNameVal''tag'='TrkAttr'
DEBUG pool-1-thread-2 com.axway.common.core.xml.BasicXmlDataBinder - Set Attribute ''name'='FILEPATH'
DEBUG pool-1-thread-2 com.axway.common.core.xml.BasicXmlDataBinder - Set Attribute ''val'='C:\Tomcat9\TomcatA\logs\'
DEBUG pool-1-thread-2 com.axway.common.core.xml.BasicXmlDataBinder - Object doesnot implement XmlTagEmptyElementsWritable --> add empty text node: 'tagName'='TrkAttr''tag'='class com.axway.trkapiua.format.AttributeNameVal'
DEBUG pool-1-thread-2 com.axway.common.core.xml.BasicXmlDataBinder - Create Sub Element and enter in object'object[0]'='AttributeNameVal''subTagName'='com.axway.trkapiua.format.AttributeNameVal@7fe82273'
DEBUG pool-1-thread-2 com.axway.common.core.xml.BasicXmlDataBinder - Query Attributes to object 'object'='AttributeNameVal''tag'='TrkAttr'
DEBUG pool-1-thread-2 com.axway.common.core.xml.BasicXmlDataBinder - Set Attribute ''name'='AGENTIPADDR'
DEBUG pool-1-thread-2 com.axway.common.core.xml.BasicXmlDataBinder - Set Attribute ''val'='xsntldeslnx64'
DEBUG pool-1-thread-2 com.axway.common.core.xml.BasicXmlDataBinder - Object doesnot implement XmlTagEmptyElementsWritable --> add empty text node: 'tagName'='TrkAttr''tag'='class com.axway.trkapiua.format.AttributeNameVal'
DEBUG pool-1-thread-2 com.axway.common.core.xml.BasicXmlDataBinder - Create Sub Element and enter in object'object[0]'='AttributeNameVal''subTagName'='com.axway.trkapiua.format.AttributeNameVal@e596f9c'
DEBUG pool-1-thread-2 com.axway.common.core.xml.BasicXmlDataBinder - Query Attributes to object 'object'='AttributeNameVal''tag'='TrkAttr'
DEBUG pool-1-thread-2 com.axway.common.core.xml.BasicXmlDataBinder - Set Attribute ''name'='FILENAME'
DEBUG pool-1-thread-2 com.axway.common.core.xml.BasicXmlDataBinder - Set Attribute ''val'='logs'
DEBUG pool-1-thread-2 com.axway.common.core.xml.BasicXmlDataBinder - Object doesnot implement XmlTagEmptyElementsWritable --> add empty text node: 'tagName'='TrkAttr''tag'='class com.axway.trkapiua.format.AttributeNameVal'
DEBUG pool-1-thread-2 com.axway.common.core.xml.BasicXmlDataBinder - Create Sub Element and enter in object'object[0]'='AttributeNameVal''subTagName'='com.axway.trkapiua.format.AttributeNameVal@54e4c1a8'
DEBUG pool-1-thread-2 com.axway.common.core.xml.BasicXmlDataBinder - Query Attributes to object 'object'='AttributeNameVal''tag'='TrkAttr'
DEBUG pool-1-thread-2 com.axway.common.core.xml.BasicXmlDataBinder - Set Attribute ''name'='PRODUCTIPADDR'
DEBUG pool-1-thread-2 com.axway.common.core.xml.BasicXmlDataBinder - Set Attribute ''val'='xsntldeslnx64'
DEBUG pool-1-thread-2 com.axway.common.core.xml.BasicXmlDataBinder - Object doesnot implement XmlTagEmptyElementsWritable --> add empty text node: 'tagName'='TrkAttr''tag'='class com.axway.trkapiua.format.AttributeNameVal'
DEBUG pool-1-thread-2 com.axway.common.core.xml.BasicXmlDataBinder - Add a root Node'new Element'='TrkDescriptor'
DEBUG pool-1-thread-2 com.axway.common.circularbuffer.CircularObjectBuffer - spaceLeft = 10485760 message length = 857
DEBUG pool-1-thread-2 com.axway.common.circularbuffer.CircularObjectBuffer - ++++++ write w=857 r=0 nMgs=1 max=857 : 000000847:<?xml version="1.0" encoding="UTF-8"?><TrkDescriptor><TrkXML VERSION="1.0"/><TrkObject><TrkIdentifier TYPE="Event" NAME="FILEWATCHES" VERSION="1.0"/><TrkAttr name="EVENTTIME" val="16:37:48"/><TrkAttr name="APPLICATION" val="TRKAPIUA"/><TrkAttr name="PRODUCTNAME" val="TRKAPI_JAVA"/><TrkAttr name="GMTDIFF" val="-300"/><TrkAttr name="FILEDATECHANGED" val="2016-08-29"/><TrkAttr name="HOSTNAME" val="Octavio-PC"/><TrkAttr name="PRODUCTOS" val="Windows 10"/><TrkAttr name="CYCLEID" val="OSFIxsntldeslnx64C:\Tomcat9\TomcatA\logs\logs"/><TrkAttr name="FILETIMECHANGED" val="16:37:48"/><TrkAttr name="EVENTDATE" val="2016-08-29"/><TrkAttr name="FILEPATH" val="C:\Tomcat9\TomcatA\logs\"/><TrkAttr name="AGENTIPADDR" val="xsntldeslnx64"/><TrkAttr name="FILENAME" val="logs"/><TrkAttr name="PRODUCTIPADDR" val="xsntldeslnx64"/></TrkObject></TrkDescriptor>

DEBUG Thread-20 com.axway.common.core.security.factory.SentinelClientSocketFactory - Factory created with target server hostname : null
DEBUG Thread-20 com.axway.common.core.security.factory.SentinelClientSocketFactory - Opening a socket connection to 172.16.0.80:1305
DEBUG Thread-20 com.axway.common.circularbuffer.sender.QltSender - Connected to xsntldeslnx64@1305
DEBUG Thread-20 com.axway.common.circularbuffer.sender.QltSender - send
DEBUG Thread-20 com.axway.common.circularbuffer.sender.QltSender - Message sent: >>><?xml version="1.0" encoding="UTF-8"?><TrkDescriptor><TrkXML VERSION="1.0"/><TrkObject><TrkIdentifier TYPE="Event" NAME="FILEWATCHES" VERSION="1.0"/><TrkAttr name="EVENTTIME" val="16:37:48"/><TrkAttr name="APPLICATION" val="TRKAPIUA"/><TrkAttr name="PRODUCTNAME" val="TRKAPI_JAVA"/><TrkAttr name="GMTDIFF" val="-300"/><TrkAttr name="FILEDATECHANGED" val="2016-08-29"/><TrkAttr name="HOSTNAME" val="Octavio-PC"/><TrkAttr name="PRODUCTOS" val="Windows 10"/><TrkAttr name="CYCLEID" val="OSFIxsntldeslnx64C:\Tomcat9\TomcatA\logs\logs"/><TrkAttr name="FILETIMECHANGED" val="16:37:48"/><TrkAttr name="EVENTDATE" val="2016-08-29"/><TrkAttr name="FILEPATH" val="C:\Tomcat9\TomcatA\logs\"/><TrkAttr name="AGENTIPADDR" val="xsntldeslnx64"/><TrkAttr name="FILENAME" val="logs"/><TrkAttr name="PRODUCTIPADDR" val="xsntldeslnx64"/></TrkObject></TrkDescriptor>
<<<
DEBUG Thread-20 com.axway.common.circularbuffer.CircularObjectBuffer - ------ commitRead w=857 r=857 nMgs=0 max=857 000000847:<?xml version="1.0" encoding="UTF-8"?><TrkDescriptor><TrkXML VERSION="1.0"/><TrkObject><TrkIdentifier TYPE="Event" NAME="FILEWATCHES" VERSION="1.0"/><TrkAttr name="EVENTTIME" val="16:37:48"/><TrkAttr name="APPLICATION" val="TRKAPIUA"/><TrkAttr name="PRODUCTNAME" val="TRKAPI_JAVA"/><TrkAttr name="GMTDIFF" val="-300"/><TrkAttr name="FILEDATECHANGED" val="2016-08-29"/><TrkAttr name="HOSTNAME" val="Octavio-PC"/><TrkAttr name="PRODUCTOS" val="Windows 10"/><TrkAttr name="CYCLEID" val="OSFIxsntldeslnx64C:\Tomcat9\TomcatA\logs\logs"/><TrkAttr name="FILETIMECHANGED" val="16:37:48"/><TrkAttr name="EVENTDATE" val="2016-08-29"/><TrkAttr name="FILEPATH" val="C:\Tomcat9\TomcatA\logs\"/><TrkAttr name="AGENTIPADDR" val="xsntldeslnx64"/><TrkAttr name="FILENAME" val="logs"/><TrkAttr name="PRODUCTIPADDR" val="xsntldeslnx64"/></TrkObject></TrkDescriptor>

DEBUG pool-1-thread-2 com.axway.common.circularbuffer.sender.QltSender - close
